The target system is: Linux -  - 
The host system is: Linux - 4.4.0-19041-Microsoft - x86_64
Compiling the C compiler identification source file "CMakeCCompilerId.c" succeeded.
Compiler: /home/hhy/sdk/arm_sdk_1.5/toolchain/sysroots/x86_64-pokysdk-linux/usr/bin/aarch64-poky-linux/aarch64-poky-linux-gcc 
Build flags: -O2;-g3;
Id flags: -c 

The output was:
0


Compilation of the C compiler identification source "CMakeCCompilerId.c" produced "CMakeCCompilerId.o"

The C compiler identification is GNU, found in "/mnt/d/work/git/SDM/code/build/CMakeFiles/3.18.2/CompilerIdC/CMakeCCompilerId.o"

Compiling the CXX compiler identification source file "CMakeCXXCompilerId.cpp" succeeded.
Compiler: /home/hhy/sdk/arm_sdk_1.5/toolchain/sysroots/x86_64-pokysdk-linux/usr/bin/aarch64-poky-linux/aarch64-poky-linux-g++ 
Build flags: -O2;-g3
Id flags: -c 

The output was:
0


Compilation of the CXX compiler identification source "CMakeCXXCompilerId.cpp" produced "CMakeCXXCompilerId.o"

The CXX compiler identification is GNU, found in "/mnt/d/work/git/SDM/code/build/CMakeFiles/3.18.2/CompilerIdCXX/CMakeCXXCompilerId.o"

Detecting C compiler ABI info compiled with the following output:
Change Dir: /mnt/d/work/git/SDM/code/build/CMakeFiles/CMakeTmp

Run Build Command(s):/home/hhy/sdk/arm_sdk_1.5/toolchain/sysroots/x86_64-pokysdk-linux/usr/bin/make cmTC_a5ec1/fast && /home/hhy/sdk/arm_sdk_1.5/toolchain/sysroots/x86_64-pokysdk-linux/usr/bin/make  -f CMakeFiles/cmTC_a5ec1.dir/build.make CMakeFiles/cmTC_a5ec1.dir/build
make[1]: Entering directory '/mnt/d/work/git/SDM/code/build/CMakeFiles/CMakeTmp'
Building C object CMakeFiles/cmTC_a5ec1.dir/CMakeCCompilerABI.c.o
/home/hhy/sdk/arm_sdk_1.5/toolchain/sysroots/x86_64-pokysdk-linux/usr/bin/aarch64-poky-linux/aarch64-poky-linux-gcc --sysroot=/home/hhy/sdk/arm_sdk_1.5/toolchain/sysroots/cortexa53-crypto-poky-linux   -O2 -g3     -v -o CMakeFiles/cmTC_a5ec1.dir/CMakeCCompilerABI.c.o -c /home/hhy/sdk/arm_sdk_1.5/toolchain/sysroots/x86_64-pokysdk-linux/usr/share/cmake-3.18/Modules/CMakeCCompilerABI.c
Using built-in specs.
COLLECT_GCC=/home/hhy/sdk/arm_sdk_1.5/toolchain/sysroots/x86_64-pokysdk-linux/usr/bin/aarch64-poky-linux/aarch64-poky-linux-gcc
Target: aarch64-poky-linux
Configured with: ../../../../../../work-shared/gcc-10.2.0-r0/gcc-10.2.0/configure --build=x86_64-linux --host=x86_64-pokysdk-linux --target=aarch64-poky-linux --prefix=/opt/corbos-linux/2.30.0/sysroots/x86_64-pokysdk-linux/usr --exec_prefix=/opt/corbos-linux/2.30.0/sysroots/x86_64-pokysdk-linux/usr --bindir=/opt/corbos-linux/2.30.0/sysroots/x86_64-pokysdk-linux/usr/bin/aarch64-poky-linux --sbindir=/opt/corbos-linux/2.30.0/sysroots/x86_64-pokysdk-linux/usr/bin/aarch64-poky-linux --libexecdir=/opt/corbos-linux/2.30.0/sysroots/x86_64-pokysdk-linux/usr/libexec/aarch64-poky-linux --datadir=/opt/corbos-linux/2.30.0/sysroots/x86_64-pokysdk-linux/usr/share --sysconfdir=/opt/corbos-linux/2.30.0/sysroots/x86_64-pokysdk-linux/etc --sharedstatedir=/opt/corbos-linux/2.30.0/sysroots/x86_64-pokysdk-linux/com --localstatedir=/opt/corbos-linux/2.30.0/sysroots/x86_64-pokysdk-linux/var --libdir=/opt/corbos-linux/2.30.0/sysroots/x86_64-pokysdk-linux/usr/lib/aarch64-poky-linux --includedir=/opt/corbos-linux/2.30.0/sysroots/x86_64-pokysdk-linux/usr/include --oldincludedir=/opt/corbos-linux/2.30.0/sysroots/x86_64-pokysdk-linux/usr/include --infodir=/opt/corbos-linux/2.30.0/sysroots/x86_64-pokysdk-linux/usr/share/info --mandir=/opt/corbos-linux/2.30.0/sysroots/x86_64-pokysdk-linux/usr/share/man --disable-silent-rules --disable-dependency-tracking --with-libtool-sysroot=/DATA1/uib11116/g3-host8.x/eb_host8.x/eb_linux/build/tmp/work/x86_64-nativesdk-pokysdk-linux/gcc-cross-canadian-aarch64/10.2.0-r0/recipe-sysroot --with-gnu-ld --enable-shared --enable-languages=c,c++ --enable-threads=posix --enable-multilib --enable-default-pie --enable-c99 --enable-long-long --enable-symvers=gnu --enable-libstdcxx-pch --program-prefix=aarch64-poky-linux- --without-local-prefix --disable-install-libiberty --enable-lto --disable-libssp --enable-libitm --disable-bootstrap --with-system-zlib --with-linker-hash-style=gnu --enable-linker-build-id --with-ppl=no --with-cloog=no --enable-checking=release --enable-cheaders=c_global --without-isl --with-gxx-include-dir=/not/exist/usr/include/c++/10.2.0 --with-build-time-tools=/DATA1/uib11116/g3-host8.x/eb_host8.x/eb_linux/build/tmp/work/x86_64-nativesdk-pokysdk-linux/gcc-cross-canadian-aarch64/10.2.0-r0/recipe-sysroot-native/usr/aarch64-poky-linux/bin --with-sysroot=/not/exist --with-build-sysroot=/DATA1/uib11116/g3-host8.x/eb_host8.x/eb_linux/build/tmp/work/x86_64-nativesdk-pokysdk-linux/gcc-cross-canadian-aarch64/10.2.0-r0/recipe-sysroot --enable-poison-system-directories --disable-static --enable-nls --with-glibc-version=2.28 --enable-initfini-array --enable-__cxa_atexit
Thread model: posix
Supported LTO compression algorithms: zlib
gcc version 10.2.0 (GCC) 
COLLECT_GCC_OPTIONS='--sysroot=/home/hhy/sdk/arm_sdk_1.5/toolchain/sysroots/cortexa53-crypto-poky-linux' '-O2' '-g3' '-v' '-o' 'CMakeFiles/cmTC_a5ec1.dir/CMakeCCompilerABI.c.o' '-c' '-mlittle-endian' '-mabi=lp64'
 /home/hhy/sdk/arm_sdk_1.5/toolchain/sysroots/x86_64-pokysdk-linux/usr/libexec/aarch64-poky-linux/gcc/aarch64-poky-linux/10.2.0/cc1 -quiet -v -isysroot /home/hhy/sdk/arm_sdk_1.5/toolchain/sysroots/cortexa53-crypto-poky-linux -dD /home/hhy/sdk/arm_sdk_1.5/toolchain/sysroots/x86_64-pokysdk-linux/usr/share/cmake-3.18/Modules/CMakeCCompilerABI.c -quiet -dumpbase CMakeCCompilerABI.c -mlittle-endian -mabi=lp64 -auxbase-strip CMakeFiles/cmTC_a5ec1.dir/CMakeCCompilerABI.c.o -g3 -O2 -version -o /tmp/ccVV7Y4Z.s
GNU C17 (GCC) version 10.2.0 (aarch64-poky-linux)
	compiled by GNU C version 10.2.0, GMP version 6.2.0, MPFR version 4.1.0, MPC version 1.2.0, isl version none
GGC heuristics: --param ggc-min-expand=100 --param ggc-min-heapsize=131072
ignoring nonexistent directory "/home/hhy/sdk/arm_sdk_1.5/toolchain/sysroots/cortexa53-crypto-poky-linux/usr/local/include"
ignoring nonexistent directory "/home/hhy/sdk/arm_sdk_1.5/toolchain/sysroots/x86_64-pokysdk-linux/usr/lib/aarch64-poky-linux/gcc/aarch64-poky-linux/10.2.0/../../../../../aarch64-poky-linux/include"
#include "..." search starts here:
#include <...> search starts here:
 /home/hhy/sdk/arm_sdk_1.5/toolchain/sysroots/x86_64-pokysdk-linux/usr/lib/aarch64-poky-linux/gcc/aarch64-poky-linux/10.2.0/include
 /home/hhy/sdk/arm_sdk_1.5/toolchain/sysroots/cortexa53-crypto-poky-linux/usr/lib/aarch64-poky-linux/10.2.0/include
 /home/hhy/sdk/arm_sdk_1.5/toolchain/sysroots/x86_64-pokysdk-linux/usr/lib/aarch64-poky-linux/gcc/aarch64-poky-linux/10.2.0/include-fixed
 /home/hhy/sdk/arm_sdk_1.5/toolchain/sysroots/cortexa53-crypto-poky-linux/usr/include/
End of search list.
GNU C17 (GCC) version 10.2.0 (aarch64-poky-linux)
	compiled by GNU C version 10.2.0, GMP version 6.2.0, MPFR version 4.1.0, MPC version 1.2.0, isl version none
GGC heuristics: --param ggc-min-expand=100 --param ggc-min-heapsize=131072
Compiler executable checksum: 028209026ca375a1651cf090118345b4
COLLECT_GCC_OPTIONS='--sysroot=/home/hhy/sdk/arm_sdk_1.5/toolchain/sysroots/cortexa53-crypto-poky-linux' '-O2' '-g3' '-v' '-o' 'CMakeFiles/cmTC_a5ec1.dir/CMakeCCompilerABI.c.o' '-c' '-mlittle-endian' '-mabi=lp64'
 /home/hhy/sdk/arm_sdk_1.5/toolchain/sysroots/x86_64-pokysdk-linux/usr/libexec/aarch64-poky-linux/gcc/aarch64-poky-linux/10.2.0/as -v -EL -mabi=lp64 -o CMakeFiles/cmTC_a5ec1.dir/CMakeCCompilerABI.c.o /tmp/ccVV7Y4Z.s
GNU assembler version 2.35.1 (aarch64-poky-linux) using BFD version (GNU Binutils) 2.35.1
COMPILER_PATH=/home/hhy/sdk/arm_sdk_1.5/toolchain/sysroots/x86_64-pokysdk-linux/usr/libexec/aarch64-poky-linux/gcc/aarch64-poky-linux/10.2.0/:/home/hhy/sdk/arm_sdk_1.5/toolchain/sysroots/x86_64-pokysdk-linux/usr/libexec/aarch64-poky-linux/gcc/aarch64-poky-linux/10.2.0/:/home/hhy/sdk/arm_sdk_1.5/toolchain/sysroots/x86_64-pokysdk-linux/usr/libexec/aarch64-poky-linux/gcc/aarch64-poky-linux/:/home/hhy/sdk/arm_sdk_1.5/toolchain/sysroots/x86_64-pokysdk-linux/usr/lib/aarch64-poky-linux/gcc/aarch64-poky-linux/10.2.0/:/home/hhy/sdk/arm_sdk_1.5/toolchain/sysroots/x86_64-pokysdk-linux/usr/lib/aarch64-poky-linux/gcc/aarch64-poky-linux/
LIBRARY_PATH=/home/hhy/sdk/arm_sdk_1.5/toolchain/sysroots/x86_64-pokysdk-linux/usr/lib/aarch64-poky-linux/gcc/aarch64-poky-linux/10.2.0/:/home/hhy/sdk/arm_sdk_1.5/toolchain/sysroots/cortexa53-crypto-poky-linux/lib/:/home/hhy/sdk/arm_sdk_1.5/toolchain/sysroots/cortexa53-crypto-poky-linux/usr/lib/aarch64-poky-linux/10.2.0/:/home/hhy/sdk/arm_sdk_1.5/toolchain/sysroots/cortexa53-crypto-poky-linux/usr/lib/
COLLECT_GCC_OPTIONS='--sysroot=/home/hhy/sdk/arm_sdk_1.5/toolchain/sysroots/cortexa53-crypto-poky-linux' '-O2' '-g3' '-v' '-o' 'CMakeFiles/cmTC_a5ec1.dir/CMakeCCompilerABI.c.o' '-c' '-mlittle-endian' '-mabi=lp64'
Linking C executable cmTC_a5ec1
/home/hhy/sdk/arm_sdk_1.5/toolchain/sysroots/x86_64-pokysdk-linux/usr/bin/cmake -E cmake_link_script CMakeFiles/cmTC_a5ec1.dir/link.txt --verbose=1
/home/hhy/sdk/arm_sdk_1.5/toolchain/sysroots/x86_64-pokysdk-linux/usr/bin/aarch64-poky-linux/aarch64-poky-linux-gcc --sysroot=/home/hhy/sdk/arm_sdk_1.5/toolchain/sysroots/cortexa53-crypto-poky-linux -O2 -g3   -Wl,-O1 -Wl,--hash-style=gnu -Wl,--as-needed -Wl,-z,relro,-z,now -v -rdynamic CMakeFiles/cmTC_a5ec1.dir/CMakeCCompilerABI.c.o -o cmTC_a5ec1 
Using built-in specs.
COLLECT_GCC=/home/hhy/sdk/arm_sdk_1.5/toolchain/sysroots/x86_64-pokysdk-linux/usr/bin/aarch64-poky-linux/aarch64-poky-linux-gcc
COLLECT_LTO_WRAPPER=/home/hhy/sdk/arm_sdk_1.5/toolchain/sysroots/x86_64-pokysdk-linux/usr/libexec/aarch64-poky-linux/gcc/aarch64-poky-linux/10.2.0/lto-wrapper
Target: aarch64-poky-linux
Configured with: ../../../../../../work-shared/gcc-10.2.0-r0/gcc-10.2.0/configure --build=x86_64-linux --host=x86_64-pokysdk-linux --target=aarch64-poky-linux --prefix=/opt/corbos-linux/2.30.0/sysroots/x86_64-pokysdk-linux/usr --exec_prefix=/opt/corbos-linux/2.30.0/sysroots/x86_64-pokysdk-linux/usr --bindir=/opt/corbos-linux/2.30.0/sysroots/x86_64-pokysdk-linux/usr/bin/aarch64-poky-linux --sbindir=/opt/corbos-linux/2.30.0/sysroots/x86_64-pokysdk-linux/usr/bin/aarch64-poky-linux --libexecdir=/opt/corbos-linux/2.30.0/sysroots/x86_64-pokysdk-linux/usr/libexec/aarch64-poky-linux --datadir=/opt/corbos-linux/2.30.0/sysroots/x86_64-pokysdk-linux/usr/share --sysconfdir=/opt/corbos-linux/2.30.0/sysroots/x86_64-pokysdk-linux/etc --sharedstatedir=/opt/corbos-linux/2.30.0/sysroots/x86_64-pokysdk-linux/com --localstatedir=/opt/corbos-linux/2.30.0/sysroots/x86_64-pokysdk-linux/var --libdir=/opt/corbos-linux/2.30.0/sysroots/x86_64-pokysdk-linux/usr/lib/aarch64-poky-linux --includedir=/opt/corbos-linux/2.30.0/sysroots/x86_64-pokysdk-linux/usr/include --oldincludedir=/opt/corbos-linux/2.30.0/sysroots/x86_64-pokysdk-linux/usr/include --infodir=/opt/corbos-linux/2.30.0/sysroots/x86_64-pokysdk-linux/usr/share/info --mandir=/opt/corbos-linux/2.30.0/sysroots/x86_64-pokysdk-linux/usr/share/man --disable-silent-rules --disable-dependency-tracking --with-libtool-sysroot=/DATA1/uib11116/g3-host8.x/eb_host8.x/eb_linux/build/tmp/work/x86_64-nativesdk-pokysdk-linux/gcc-cross-canadian-aarch64/10.2.0-r0/recipe-sysroot --with-gnu-ld --enable-shared --enable-languages=c,c++ --enable-threads=posix --enable-multilib --enable-default-pie --enable-c99 --enable-long-long --enable-symvers=gnu --enable-libstdcxx-pch --program-prefix=aarch64-poky-linux- --without-local-prefix --disable-install-libiberty --enable-lto --disable-libssp --enable-libitm --disable-bootstrap --with-system-zlib --with-linker-hash-style=gnu --enable-linker-build-id --with-ppl=no --with-cloog=no --enable-checking=release --enable-cheaders=c_global --without-isl --with-gxx-include-dir=/not/exist/usr/include/c++/10.2.0 --with-build-time-tools=/DATA1/uib11116/g3-host8.x/eb_host8.x/eb_linux/build/tmp/work/x86_64-nativesdk-pokysdk-linux/gcc-cross-canadian-aarch64/10.2.0-r0/recipe-sysroot-native/usr/aarch64-poky-linux/bin --with-sysroot=/not/exist --with-build-sysroot=/DATA1/uib11116/g3-host8.x/eb_host8.x/eb_linux/build/tmp/work/x86_64-nativesdk-pokysdk-linux/gcc-cross-canadian-aarch64/10.2.0-r0/recipe-sysroot --enable-poison-system-directories --disable-static --enable-nls --with-glibc-version=2.28 --enable-initfini-array --enable-__cxa_atexit
Thread model: posix
Supported LTO compression algorithms: zlib
gcc version 10.2.0 (GCC) 
COMPILER_PATH=/home/hhy/sdk/arm_sdk_1.5/toolchain/sysroots/x86_64-pokysdk-linux/usr/libexec/aarch64-poky-linux/gcc/aarch64-poky-linux/10.2.0/:/home/hhy/sdk/arm_sdk_1.5/toolchain/sysroots/x86_64-pokysdk-linux/usr/libexec/aarch64-poky-linux/gcc/aarch64-poky-linux/10.2.0/:/home/hhy/sdk/arm_sdk_1.5/toolchain/sysroots/x86_64-pokysdk-linux/usr/libexec/aarch64-poky-linux/gcc/aarch64-poky-linux/:/home/hhy/sdk/arm_sdk_1.5/toolchain/sysroots/x86_64-pokysdk-linux/usr/lib/aarch64-poky-linux/gcc/aarch64-poky-linux/10.2.0/:/home/hhy/sdk/arm_sdk_1.5/toolchain/sysroots/x86_64-pokysdk-linux/usr/lib/aarch64-poky-linux/gcc/aarch64-poky-linux/
LIBRARY_PATH=/home/hhy/sdk/arm_sdk_1.5/toolchain/sysroots/x86_64-pokysdk-linux/usr/lib/aarch64-poky-linux/gcc/aarch64-poky-linux/10.2.0/:/home/hhy/sdk/arm_sdk_1.5/toolchain/sysroots/cortexa53-crypto-poky-linux/lib/:/home/hhy/sdk/arm_sdk_1.5/toolchain/sysroots/cortexa53-crypto-poky-linux/usr/lib/aarch64-poky-linux/10.2.0/:/home/hhy/sdk/arm_sdk_1.5/toolchain/sysroots/cortexa53-crypto-poky-linux/usr/lib/
COLLECT_GCC_OPTIONS='--sysroot=/home/hhy/sdk/arm_sdk_1.5/toolchain/sysroots/cortexa53-crypto-poky-linux' '-O2' '-g3' '-v' '-rdynamic' '-o' 'cmTC_a5ec1' '-mlittle-endian' '-mabi=lp64'
 /home/hhy/sdk/arm_sdk_1.5/toolchain/sysroots/x86_64-pokysdk-linux/usr/libexec/aarch64-poky-linux/gcc/aarch64-poky-linux/10.2.0/collect2 -plugin /home/hhy/sdk/arm_sdk_1.5/toolchain/sysroots/x86_64-pokysdk-linux/usr/libexec/aarch64-poky-linux/gcc/aarch64-poky-linux/10.2.0/liblto_plugin.so -plugin-opt=/home/hhy/sdk/arm_sdk_1.5/toolchain/sysroots/x86_64-pokysdk-linux/usr/libexec/aarch64-poky-linux/gcc/aarch64-poky-linux/10.2.0/lto-wrapper -plugin-opt=-fresolution=/tmp/ccn6iPnt.res -plugin-opt=-pass-through=-lgcc -plugin-opt=-pass-through=-lgcc_s -plugin-opt=-pass-through=-lc -plugin-opt=-pass-through=-lgcc -plugin-opt=-pass-through=-lgcc_s --sysroot=/home/hhy/sdk/arm_sdk_1.5/toolchain/sysroots/cortexa53-crypto-poky-linux --build-id --eh-frame-hdr --hash-style=gnu -export-dynamic -dynamic-linker /lib/ld-linux-aarch64.so.1 -X -EL -maarch64linux -pie -o cmTC_a5ec1 /home/hhy/sdk/arm_sdk_1.5/toolchain/sysroots/cortexa53-crypto-poky-linux/usr/lib/Scrt1.o /home/hhy/sdk/arm_sdk_1.5/toolchain/sysroots/cortexa53-crypto-poky-linux/usr/lib/crti.o /home/hhy/sdk/arm_sdk_1.5/toolchain/sysroots/cortexa53-crypto-poky-linux/usr/lib/aarch64-poky-linux/10.2.0/crtbeginS.o -L/home/hhy/sdk/arm_sdk_1.5/toolchain/sysroots/x86_64-pokysdk-linux/usr/lib/aarch64-poky-linux/gcc/aarch64-poky-linux/10.2.0 -L/home/hhy/sdk/arm_sdk_1.5/toolchain/sysroots/cortexa53-crypto-poky-linux/lib -L/home/hhy/sdk/arm_sdk_1.5/toolchain/sysroots/cortexa53-crypto-poky-linux/usr/lib/aarch64-poky-linux/10.2.0 -L/home/hhy/sdk/arm_sdk_1.5/toolchain/sysroots/cortexa53-crypto-poky-linux/usr/lib -O1 --hash-style=gnu --as-needed -z relro -z now CMakeFiles/cmTC_a5ec1.dir/CMakeCCompilerABI.c.o -lgcc --push-state --as-needed -lgcc_s --pop-state -lc -lgcc --push-state --as-needed -lgcc_s --pop-state /home/hhy/sdk/arm_sdk_1.5/toolchain/sysroots/cortexa53-crypto-poky-linux/usr/lib/aarch64-poky-linux/10.2.0/crtendS.o /home/hhy/sdk/arm_sdk_1.5/toolchain/sysroots/cortexa53-crypto-poky-linux/usr/lib/crtn.o
COLLECT_GCC_OPTIONS='--sysroot=/home/hhy/sdk/arm_sdk_1.5/toolchain/sysroots/cortexa53-crypto-poky-linux' '-O2' '-g3' '-v' '-rdynamic' '-o' 'cmTC_a5ec1' '-mlittle-endian' '-mabi=lp64'
make[1]: Leaving directory '/mnt/d/work/git/SDM/code/build/CMakeFiles/CMakeTmp'



Parsed C implicit include dir info from above output: rv=done
  found start of include info
  found start of implicit include info
    add: [/home/hhy/sdk/arm_sdk_1.5/toolchain/sysroots/x86_64-pokysdk-linux/usr/lib/aarch64-poky-linux/gcc/aarch64-poky-linux/10.2.0/include]
    add: [/home/hhy/sdk/arm_sdk_1.5/toolchain/sysroots/cortexa53-crypto-poky-linux/usr/lib/aarch64-poky-linux/10.2.0/include]
    add: [/home/hhy/sdk/arm_sdk_1.5/toolchain/sysroots/x86_64-pokysdk-linux/usr/lib/aarch64-poky-linux/gcc/aarch64-poky-linux/10.2.0/include-fixed]
    add: [/home/hhy/sdk/arm_sdk_1.5/toolchain/sysroots/cortexa53-crypto-poky-linux/usr/include/]
  end of search list found
  collapse include dir [/home/hhy/sdk/arm_sdk_1.5/toolchain/sysroots/x86_64-pokysdk-linux/usr/lib/aarch64-poky-linux/gcc/aarch64-poky-linux/10.2.0/include] ==> [/home/hhy/sdk/arm_sdk_1.5/toolchain/sysroots/x86_64-pokysdk-linux/usr/lib/aarch64-poky-linux/gcc/aarch64-poky-linux/10.2.0/include]
  collapse include dir [/home/hhy/sdk/arm_sdk_1.5/toolchain/sysroots/cortexa53-crypto-poky-linux/usr/lib/aarch64-poky-linux/10.2.0/include] ==> [/home/hhy/sdk/arm_sdk_1.5/toolchain/sysroots/cortexa53-crypto-poky-linux/usr/lib/aarch64-poky-linux/10.2.0/include]
  collapse include dir [/home/hhy/sdk/arm_sdk_1.5/toolchain/sysroots/x86_64-pokysdk-linux/usr/lib/aarch64-poky-linux/gcc/aarch64-poky-linux/10.2.0/include-fixed] ==> [/home/hhy/sdk/arm_sdk_1.5/toolchain/sysroots/x86_64-pokysdk-linux/usr/lib/aarch64-poky-linux/gcc/aarch64-poky-linux/10.2.0/include-fixed]
  collapse include dir [/home/hhy/sdk/arm_sdk_1.5/toolchain/sysroots/cortexa53-crypto-poky-linux/usr/include/] ==> [/home/hhy/sdk/arm_sdk_1.5/toolchain/sysroots/cortexa53-crypto-poky-linux/usr/include]
  implicit include dirs: [/home/hhy/sdk/arm_sdk_1.5/toolchain/sysroots/x86_64-pokysdk-linux/usr/lib/aarch64-poky-linux/gcc/aarch64-poky-linux/10.2.0/include;/home/hhy/sdk/arm_sdk_1.5/toolchain/sysroots/cortexa53-crypto-poky-linux/usr/lib/aarch64-poky-linux/10.2.0/include;/home/hhy/sdk/arm_sdk_1.5/toolchain/sysroots/x86_64-pokysdk-linux/usr/lib/aarch64-poky-linux/gcc/aarch64-poky-linux/10.2.0/include-fixed;/home/hhy/sdk/arm_sdk_1.5/toolchain/sysroots/cortexa53-crypto-poky-linux/usr/include]


Parsed C implicit link information from above output:
  link line regex: [^( *|.*[/\])(aarch64-poky-linux-ld|CMAKE_LINK_STARTFILE-NOTFOUND|([^/\]+-)?ld|collect2)[^/\]*( |$)]
  ignore line: [Change Dir: /mnt/d/work/git/SDM/code/build/CMakeFiles/CMakeTmp]
  ignore line: []
  ignore line: [Run Build Command(s):/home/hhy/sdk/arm_sdk_1.5/toolchain/sysroots/x86_64-pokysdk-linux/usr/bin/make cmTC_a5ec1/fast && /home/hhy/sdk/arm_sdk_1.5/toolchain/sysroots/x86_64-pokysdk-linux/usr/bin/make  -f CMakeFiles/cmTC_a5ec1.dir/build.make CMakeFiles/cmTC_a5ec1.dir/build]
  ignore line: [make[1]: Entering directory '/mnt/d/work/git/SDM/code/build/CMakeFiles/CMakeTmp']
  ignore line: [Building C object CMakeFiles/cmTC_a5ec1.dir/CMakeCCompilerABI.c.o]
  ignore line: [/home/hhy/sdk/arm_sdk_1.5/toolchain/sysroots/x86_64-pokysdk-linux/usr/bin/aarch64-poky-linux/aarch64-poky-linux-gcc --sysroot=/home/hhy/sdk/arm_sdk_1.5/toolchain/sysroots/cortexa53-crypto-poky-linux   -O2 -g3     -v -o CMakeFiles/cmTC_a5ec1.dir/CMakeCCompilerABI.c.o -c /home/hhy/sdk/arm_sdk_1.5/toolchain/sysroots/x86_64-pokysdk-linux/usr/share/cmake-3.18/Modules/CMakeCCompilerABI.c]
  ignore line: [Using built-in specs.]
  ignore line: [COLLECT_GCC=/home/hhy/sdk/arm_sdk_1.5/toolchain/sysroots/x86_64-pokysdk-linux/usr/bin/aarch64-poky-linux/aarch64-poky-linux-gcc]
  ignore line: [Target: aarch64-poky-linux]
  ignore line: [Configured with: ../../../../../../work-shared/gcc-10.2.0-r0/gcc-10.2.0/configure --build=x86_64-linux --host=x86_64-pokysdk-linux --target=aarch64-poky-linux --prefix=/opt/corbos-linux/2.30.0/sysroots/x86_64-pokysdk-linux/usr --exec_prefix=/opt/corbos-linux/2.30.0/sysroots/x86_64-pokysdk-linux/usr --bindir=/opt/corbos-linux/2.30.0/sysroots/x86_64-pokysdk-linux/usr/bin/aarch64-poky-linux --sbindir=/opt/corbos-linux/2.30.0/sysroots/x86_64-pokysdk-linux/usr/bin/aarch64-poky-linux --libexecdir=/opt/corbos-linux/2.30.0/sysroots/x86_64-pokysdk-linux/usr/libexec/aarch64-poky-linux --datadir=/opt/corbos-linux/2.30.0/sysroots/x86_64-pokysdk-linux/usr/share --sysconfdir=/opt/corbos-linux/2.30.0/sysroots/x86_64-pokysdk-linux/etc --sharedstatedir=/opt/corbos-linux/2.30.0/sysroots/x86_64-pokysdk-linux/com --localstatedir=/opt/corbos-linux/2.30.0/sysroots/x86_64-pokysdk-linux/var --libdir=/opt/corbos-linux/2.30.0/sysroots/x86_64-pokysdk-linux/usr/lib/aarch64-poky-linux --includedir=/opt/corbos-linux/2.30.0/sysroots/x86_64-pokysdk-linux/usr/include --oldincludedir=/opt/corbos-linux/2.30.0/sysroots/x86_64-pokysdk-linux/usr/include --infodir=/opt/corbos-linux/2.30.0/sysroots/x86_64-pokysdk-linux/usr/share/info --mandir=/opt/corbos-linux/2.30.0/sysroots/x86_64-pokysdk-linux/usr/share/man --disable-silent-rules --disable-dependency-tracking --with-libtool-sysroot=/DATA1/uib11116/g3-host8.x/eb_host8.x/eb_linux/build/tmp/work/x86_64-nativesdk-pokysdk-linux/gcc-cross-canadian-aarch64/10.2.0-r0/recipe-sysroot --with-gnu-ld --enable-shared --enable-languages=c,c++ --enable-threads=posix --enable-multilib --enable-default-pie --enable-c99 --enable-long-long --enable-symvers=gnu --enable-libstdcxx-pch --program-prefix=aarch64-poky-linux- --without-local-prefix --disable-install-libiberty --enable-lto --disable-libssp --enable-libitm --disable-bootstrap --with-system-zlib --with-linker-hash-style=gnu --enable-linker-build-id --with-ppl=no --with-cloog=no --enable-checking=release --enable-cheaders=c_global --without-isl --with-gxx-include-dir=/not/exist/usr/include/c++/10.2.0 --with-build-time-tools=/DATA1/uib11116/g3-host8.x/eb_host8.x/eb_linux/build/tmp/work/x86_64-nativesdk-pokysdk-linux/gcc-cross-canadian-aarch64/10.2.0-r0/recipe-sysroot-native/usr/aarch64-poky-linux/bin --with-sysroot=/not/exist --with-build-sysroot=/DATA1/uib11116/g3-host8.x/eb_host8.x/eb_linux/build/tmp/work/x86_64-nativesdk-pokysdk-linux/gcc-cross-canadian-aarch64/10.2.0-r0/recipe-sysroot --enable-poison-system-directories --disable-static --enable-nls --with-glibc-version=2.28 --enable-initfini-array --enable-__cxa_atexit]
  ignore line: [Thread model: posix]
  ignore line: [Supported LTO compression algorithms: zlib]
  ignore line: [gcc version 10.2.0 (GCC) ]
  ignore line: [COLLECT_GCC_OPTIONS='--sysroot=/home/hhy/sdk/arm_sdk_1.5/toolchain/sysroots/cortexa53-crypto-poky-linux' '-O2' '-g3' '-v' '-o' 'CMakeFiles/cmTC_a5ec1.dir/CMakeCCompilerABI.c.o' '-c' '-mlittle-endian' '-mabi=lp64']
  ignore line: [ /home/hhy/sdk/arm_sdk_1.5/toolchain/sysroots/x86_64-pokysdk-linux/usr/libexec/aarch64-poky-linux/gcc/aarch64-poky-linux/10.2.0/cc1 -quiet -v -isysroot /home/hhy/sdk/arm_sdk_1.5/toolchain/sysroots/cortexa53-crypto-poky-linux -dD /home/hhy/sdk/arm_sdk_1.5/toolchain/sysroots/x86_64-pokysdk-linux/usr/share/cmake-3.18/Modules/CMakeCCompilerABI.c -quiet -dumpbase CMakeCCompilerABI.c -mlittle-endian -mabi=lp64 -auxbase-strip CMakeFiles/cmTC_a5ec1.dir/CMakeCCompilerABI.c.o -g3 -O2 -version -o /tmp/ccVV7Y4Z.s]
  ignore line: [GNU C17 (GCC) version 10.2.0 (aarch64-poky-linux)]
  ignore line: [	compiled by GNU C version 10.2.0  GMP version 6.2.0  MPFR version 4.1.0  MPC version 1.2.0  isl version none]
  ignore line: [GGC heuristics: --param ggc-min-expand=100 --param ggc-min-heapsize=131072]
  ignore line: [ignoring nonexistent directory "/home/hhy/sdk/arm_sdk_1.5/toolchain/sysroots/cortexa53-crypto-poky-linux/usr/local/include"]
  ignore line: [ignoring nonexistent directory "/home/hhy/sdk/arm_sdk_1.5/toolchain/sysroots/x86_64-pokysdk-linux/usr/lib/aarch64-poky-linux/gcc/aarch64-poky-linux/10.2.0/../../../../../aarch64-poky-linux/include"]
  ignore line: [#include "..." search starts here:]
  ignore line: [#include <...> search starts here:]
  ignore line: [ /home/hhy/sdk/arm_sdk_1.5/toolchain/sysroots/x86_64-pokysdk-linux/usr/lib/aarch64-poky-linux/gcc/aarch64-poky-linux/10.2.0/include]
  ignore line: [ /home/hhy/sdk/arm_sdk_1.5/toolchain/sysroots/cortexa53-crypto-poky-linux/usr/lib/aarch64-poky-linux/10.2.0/include]
  ignore line: [ /home/hhy/sdk/arm_sdk_1.5/toolchain/sysroots/x86_64-pokysdk-linux/usr/lib/aarch64-poky-linux/gcc/aarch64-poky-linux/10.2.0/include-fixed]
  ignore line: [ /home/hhy/sdk/arm_sdk_1.5/toolchain/sysroots/cortexa53-crypto-poky-linux/usr/include/]
  ignore line: [End of search list.]
  ignore line: [GNU C17 (GCC) version 10.2.0 (aarch64-poky-linux)]
  ignore line: [	compiled by GNU C version 10.2.0  GMP version 6.2.0  MPFR version 4.1.0  MPC version 1.2.0  isl version none]
  ignore line: [GGC heuristics: --param ggc-min-expand=100 --param ggc-min-heapsize=131072]
  ignore line: [Compiler executable checksum: 028209026ca375a1651cf090118345b4]
  ignore line: [COLLECT_GCC_OPTIONS='--sysroot=/home/hhy/sdk/arm_sdk_1.5/toolchain/sysroots/cortexa53-crypto-poky-linux' '-O2' '-g3' '-v' '-o' 'CMakeFiles/cmTC_a5ec1.dir/CMakeCCompilerABI.c.o' '-c' '-mlittle-endian' '-mabi=lp64']
  ignore line: [ /home/hhy/sdk/arm_sdk_1.5/toolchain/sysroots/x86_64-pokysdk-linux/usr/libexec/aarch64-poky-linux/gcc/aarch64-poky-linux/10.2.0/as -v -EL -mabi=lp64 -o CMakeFiles/cmTC_a5ec1.dir/CMakeCCompilerABI.c.o /tmp/ccVV7Y4Z.s]
  ignore line: [GNU assembler version 2.35.1 (aarch64-poky-linux) using BFD version (GNU Binutils) 2.35.1]
  ignore line: [COMPILER_PATH=/home/hhy/sdk/arm_sdk_1.5/toolchain/sysroots/x86_64-pokysdk-linux/usr/libexec/aarch64-poky-linux/gcc/aarch64-poky-linux/10.2.0/:/home/hhy/sdk/arm_sdk_1.5/toolchain/sysroots/x86_64-pokysdk-linux/usr/libexec/aarch64-poky-linux/gcc/aarch64-poky-linux/10.2.0/:/home/hhy/sdk/arm_sdk_1.5/toolchain/sysroots/x86_64-pokysdk-linux/usr/libexec/aarch64-poky-linux/gcc/aarch64-poky-linux/:/home/hhy/sdk/arm_sdk_1.5/toolchain/sysroots/x86_64-pokysdk-linux/usr/lib/aarch64-poky-linux/gcc/aarch64-poky-linux/10.2.0/:/home/hhy/sdk/arm_sdk_1.5/toolchain/sysroots/x86_64-pokysdk-linux/usr/lib/aarch64-poky-linux/gcc/aarch64-poky-linux/]
  ignore line: [LIBRARY_PATH=/home/hhy/sdk/arm_sdk_1.5/toolchain/sysroots/x86_64-pokysdk-linux/usr/lib/aarch64-poky-linux/gcc/aarch64-poky-linux/10.2.0/:/home/hhy/sdk/arm_sdk_1.5/toolchain/sysroots/cortexa53-crypto-poky-linux/lib/:/home/hhy/sdk/arm_sdk_1.5/toolchain/sysroots/cortexa53-crypto-poky-linux/usr/lib/aarch64-poky-linux/10.2.0/:/home/hhy/sdk/arm_sdk_1.5/toolchain/sysroots/cortexa53-crypto-poky-linux/usr/lib/]
  ignore line: [COLLECT_GCC_OPTIONS='--sysroot=/home/hhy/sdk/arm_sdk_1.5/toolchain/sysroots/cortexa53-crypto-poky-linux' '-O2' '-g3' '-v' '-o' 'CMakeFiles/cmTC_a5ec1.dir/CMakeCCompilerABI.c.o' '-c' '-mlittle-endian' '-mabi=lp64']
  ignore line: [Linking C executable cmTC_a5ec1]
  ignore line: [/home/hhy/sdk/arm_sdk_1.5/toolchain/sysroots/x86_64-pokysdk-linux/usr/bin/cmake -E cmake_link_script CMakeFiles/cmTC_a5ec1.dir/link.txt --verbose=1]
  ignore line: [/home/hhy/sdk/arm_sdk_1.5/toolchain/sysroots/x86_64-pokysdk-linux/usr/bin/aarch64-poky-linux/aarch64-poky-linux-gcc --sysroot=/home/hhy/sdk/arm_sdk_1.5/toolchain/sysroots/cortexa53-crypto-poky-linux -O2 -g3   -Wl -O1 -Wl --hash-style=gnu -Wl --as-needed -Wl -z relro -z now -v -rdynamic CMakeFiles/cmTC_a5ec1.dir/CMakeCCompilerABI.c.o -o cmTC_a5ec1 ]
  ignore line: [Using built-in specs.]
  ignore line: [COLLECT_GCC=/home/hhy/sdk/arm_sdk_1.5/toolchain/sysroots/x86_64-pokysdk-linux/usr/bin/aarch64-poky-linux/aarch64-poky-linux-gcc]
  ignore line: [COLLECT_LTO_WRAPPER=/home/hhy/sdk/arm_sdk_1.5/toolchain/sysroots/x86_64-pokysdk-linux/usr/libexec/aarch64-poky-linux/gcc/aarch64-poky-linux/10.2.0/lto-wrapper]
  ignore line: [Target: aarch64-poky-linux]
  ignore line: [Configured with: ../../../../../../work-shared/gcc-10.2.0-r0/gcc-10.2.0/configure --build=x86_64-linux --host=x86_64-pokysdk-linux --target=aarch64-poky-linux --prefix=/opt/corbos-linux/2.30.0/sysroots/x86_64-pokysdk-linux/usr --exec_prefix=/opt/corbos-linux/2.30.0/sysroots/x86_64-pokysdk-linux/usr --bindir=/opt/corbos-linux/2.30.0/sysroots/x86_64-pokysdk-linux/usr/bin/aarch64-poky-linux --sbindir=/opt/corbos-linux/2.30.0/sysroots/x86_64-pokysdk-linux/usr/bin/aarch64-poky-linux --libexecdir=/opt/corbos-linux/2.30.0/sysroots/x86_64-pokysdk-linux/usr/libexec/aarch64-poky-linux --datadir=/opt/corbos-linux/2.30.0/sysroots/x86_64-pokysdk-linux/usr/share --sysconfdir=/opt/corbos-linux/2.30.0/sysroots/x86_64-pokysdk-linux/etc --sharedstatedir=/opt/corbos-linux/2.30.0/sysroots/x86_64-pokysdk-linux/com --localstatedir=/opt/corbos-linux/2.30.0/sysroots/x86_64-pokysdk-linux/var --libdir=/opt/corbos-linux/2.30.0/sysroots/x86_64-pokysdk-linux/usr/lib/aarch64-poky-linux --includedir=/opt/corbos-linux/2.30.0/sysroots/x86_64-pokysdk-linux/usr/include --oldincludedir=/opt/corbos-linux/2.30.0/sysroots/x86_64-pokysdk-linux/usr/include --infodir=/opt/corbos-linux/2.30.0/sysroots/x86_64-pokysdk-linux/usr/share/info --mandir=/opt/corbos-linux/2.30.0/sysroots/x86_64-pokysdk-linux/usr/share/man --disable-silent-rules --disable-dependency-tracking --with-libtool-sysroot=/DATA1/uib11116/g3-host8.x/eb_host8.x/eb_linux/build/tmp/work/x86_64-nativesdk-pokysdk-linux/gcc-cross-canadian-aarch64/10.2.0-r0/recipe-sysroot --with-gnu-ld --enable-shared --enable-languages=c,c++ --enable-threads=posix --enable-multilib --enable-default-pie --enable-c99 --enable-long-long --enable-symvers=gnu --enable-libstdcxx-pch --program-prefix=aarch64-poky-linux- --without-local-prefix --disable-install-libiberty --enable-lto --disable-libssp --enable-libitm --disable-bootstrap --with-system-zlib --with-linker-hash-style=gnu --enable-linker-build-id --with-ppl=no --with-cloog=no --enable-checking=release --enable-cheaders=c_global --without-isl --with-gxx-include-dir=/not/exist/usr/include/c++/10.2.0 --with-build-time-tools=/DATA1/uib11116/g3-host8.x/eb_host8.x/eb_linux/build/tmp/work/x86_64-nativesdk-pokysdk-linux/gcc-cross-canadian-aarch64/10.2.0-r0/recipe-sysroot-native/usr/aarch64-poky-linux/bin --with-sysroot=/not/exist --with-build-sysroot=/DATA1/uib11116/g3-host8.x/eb_host8.x/eb_linux/build/tmp/work/x86_64-nativesdk-pokysdk-linux/gcc-cross-canadian-aarch64/10.2.0-r0/recipe-sysroot --enable-poison-system-directories --disable-static --enable-nls --with-glibc-version=2.28 --enable-initfini-array --enable-__cxa_atexit]
  ignore line: [Thread model: posix]
  ignore line: [Supported LTO compression algorithms: zlib]
  ignore line: [gcc version 10.2.0 (GCC) ]
  ignore line: [COMPILER_PATH=/home/hhy/sdk/arm_sdk_1.5/toolchain/sysroots/x86_64-pokysdk-linux/usr/libexec/aarch64-poky-linux/gcc/aarch64-poky-linux/10.2.0/:/home/hhy/sdk/arm_sdk_1.5/toolchain/sysroots/x86_64-pokysdk-linux/usr/libexec/aarch64-poky-linux/gcc/aarch64-poky-linux/10.2.0/:/home/hhy/sdk/arm_sdk_1.5/toolchain/sysroots/x86_64-pokysdk-linux/usr/libexec/aarch64-poky-linux/gcc/aarch64-poky-linux/:/home/hhy/sdk/arm_sdk_1.5/toolchain/sysroots/x86_64-pokysdk-linux/usr/lib/aarch64-poky-linux/gcc/aarch64-poky-linux/10.2.0/:/home/hhy/sdk/arm_sdk_1.5/toolchain/sysroots/x86_64-pokysdk-linux/usr/lib/aarch64-poky-linux/gcc/aarch64-poky-linux/]
  ignore line: [LIBRARY_PATH=/home/hhy/sdk/arm_sdk_1.5/toolchain/sysroots/x86_64-pokysdk-linux/usr/lib/aarch64-poky-linux/gcc/aarch64-poky-linux/10.2.0/:/home/hhy/sdk/arm_sdk_1.5/toolchain/sysroots/cortexa53-crypto-poky-linux/lib/:/home/hhy/sdk/arm_sdk_1.5/toolchain/sysroots/cortexa53-crypto-poky-linux/usr/lib/aarch64-poky-linux/10.2.0/:/home/hhy/sdk/arm_sdk_1.5/toolchain/sysroots/cortexa53-crypto-poky-linux/usr/lib/]
  ignore line: [COLLECT_GCC_OPTIONS='--sysroot=/home/hhy/sdk/arm_sdk_1.5/toolchain/sysroots/cortexa53-crypto-poky-linux' '-O2' '-g3' '-v' '-rdynamic' '-o' 'cmTC_a5ec1' '-mlittle-endian' '-mabi=lp64']
  link line: [ /home/hhy/sdk/arm_sdk_1.5/toolchain/sysroots/x86_64-pokysdk-linux/usr/libexec/aarch64-poky-linux/gcc/aarch64-poky-linux/10.2.0/collect2 -plugin /home/hhy/sdk/arm_sdk_1.5/toolchain/sysroots/x86_64-pokysdk-linux/usr/libexec/aarch64-poky-linux/gcc/aarch64-poky-linux/10.2.0/liblto_plugin.so -plugin-opt=/home/hhy/sdk/arm_sdk_1.5/toolchain/sysroots/x86_64-pokysdk-linux/usr/libexec/aarch64-poky-linux/gcc/aarch64-poky-linux/10.2.0/lto-wrapper -plugin-opt=-fresolution=/tmp/ccn6iPnt.res -plugin-opt=-pass-through=-lgcc -plugin-opt=-pass-through=-lgcc_s -plugin-opt=-pass-through=-lc -plugin-opt=-pass-through=-lgcc -plugin-opt=-pass-through=-lgcc_s --sysroot=/home/hhy/sdk/arm_sdk_1.5/toolchain/sysroots/cortexa53-crypto-poky-linux --build-id --eh-frame-hdr --hash-style=gnu -export-dynamic -dynamic-linker /lib/ld-linux-aarch64.so.1 -X -EL -maarch64linux -pie -o cmTC_a5ec1 /home/hhy/sdk/arm_sdk_1.5/toolchain/sysroots/cortexa53-crypto-poky-linux/usr/lib/Scrt1.o /home/hhy/sdk/arm_sdk_1.5/toolchain/sysroots/cortexa53-crypto-poky-linux/usr/lib/crti.o /home/hhy/sdk/arm_sdk_1.5/toolchain/sysroots/cortexa53-crypto-poky-linux/usr/lib/aarch64-poky-linux/10.2.0/crtbeginS.o -L/home/hhy/sdk/arm_sdk_1.5/toolchain/sysroots/x86_64-pokysdk-linux/usr/lib/aarch64-poky-linux/gcc/aarch64-poky-linux/10.2.0 -L/home/hhy/sdk/arm_sdk_1.5/toolchain/sysroots/cortexa53-crypto-poky-linux/lib -L/home/hhy/sdk/arm_sdk_1.5/toolchain/sysroots/cortexa53-crypto-poky-linux/usr/lib/aarch64-poky-linux/10.2.0 -L/home/hhy/sdk/arm_sdk_1.5/toolchain/sysroots/cortexa53-crypto-poky-linux/usr/lib -O1 --hash-style=gnu --as-needed -z relro -z now CMakeFiles/cmTC_a5ec1.dir/CMakeCCompilerABI.c.o -lgcc --push-state --as-needed -lgcc_s --pop-state -lc -lgcc --push-state --as-needed -lgcc_s --pop-state /home/hhy/sdk/arm_sdk_1.5/toolchain/sysroots/cortexa53-crypto-poky-linux/usr/lib/aarch64-poky-linux/10.2.0/crtendS.o /home/hhy/sdk/arm_sdk_1.5/toolchain/sysroots/cortexa53-crypto-poky-linux/usr/lib/crtn.o]
    arg [/home/hhy/sdk/arm_sdk_1.5/toolchain/sysroots/x86_64-pokysdk-linux/usr/libexec/aarch64-poky-linux/gcc/aarch64-poky-linux/10.2.0/collect2] ==> ignore
    arg [-plugin] ==> ignore
    arg [/home/hhy/sdk/arm_sdk_1.5/toolchain/sysroots/x86_64-pokysdk-linux/usr/libexec/aarch64-poky-linux/gcc/aarch64-poky-linux/10.2.0/liblto_plugin.so] ==> ignore
    arg [-plugin-opt=/home/hhy/sdk/arm_sdk_1.5/toolchain/sysroots/x86_64-pokysdk-linux/usr/libexec/aarch64-poky-linux/gcc/aarch64-poky-linux/10.2.0/lto-wrapper] ==> ignore
    arg [-plugin-opt=-fresolution=/tmp/ccn6iPnt.res] ==> ignore
    arg [-plugin-opt=-pass-through=-lgcc] ==> ignore
    arg [-plugin-opt=-pass-through=-lgcc_s] ==> ignore
    arg [-plugin-opt=-pass-through=-lc] ==> ignore
    arg [-plugin-opt=-pass-through=-lgcc] ==> ignore
    arg [-plugin-opt=-pass-through=-lgcc_s] ==> ignore
    arg [--sysroot=/home/hhy/sdk/arm_sdk_1.5/toolchain/sysroots/cortexa53-crypto-poky-linux] ==> ignore
    arg [--build-id] ==> ignore
    arg [--eh-frame-hdr] ==> ignore
    arg [--hash-style=gnu] ==> ignore
    arg [-export-dynamic] ==> ignore
    arg [-dynamic-linker] ==> ignore
    arg [/lib/ld-linux-aarch64.so.1] ==> ignore
    arg [-X] ==> ignore
    arg [-EL] ==> ignore
    arg [-maarch64linux] ==> ignore
    arg [-pie] ==> ignore
    arg [-o] ==> ignore
    arg [cmTC_a5ec1] ==> ignore
    arg [/home/hhy/sdk/arm_sdk_1.5/toolchain/sysroots/cortexa53-crypto-poky-linux/usr/lib/Scrt1.o] ==> ignore
    arg [/home/hhy/sdk/arm_sdk_1.5/toolchain/sysroots/cortexa53-crypto-poky-linux/usr/lib/crti.o] ==> ignore
    arg [/home/hhy/sdk/arm_sdk_1.5/toolchain/sysroots/cortexa53-crypto-poky-linux/usr/lib/aarch64-poky-linux/10.2.0/crtbeginS.o] ==> ignore
    arg [-L/home/hhy/sdk/arm_sdk_1.5/toolchain/sysroots/x86_64-pokysdk-linux/usr/lib/aarch64-poky-linux/gcc/aarch64-poky-linux/10.2.0] ==> dir [/home/hhy/sdk/arm_sdk_1.5/toolchain/sysroots/x86_64-pokysdk-linux/usr/lib/aarch64-poky-linux/gcc/aarch64-poky-linux/10.2.0]
    arg [-L/home/hhy/sdk/arm_sdk_1.5/toolchain/sysroots/cortexa53-crypto-poky-linux/lib] ==> dir [/home/hhy/sdk/arm_sdk_1.5/toolchain/sysroots/cortexa53-crypto-poky-linux/lib]
    arg [-L/home/hhy/sdk/arm_sdk_1.5/toolchain/sysroots/cortexa53-crypto-poky-linux/usr/lib/aarch64-poky-linux/10.2.0] ==> dir [/home/hhy/sdk/arm_sdk_1.5/toolchain/sysroots/cortexa53-crypto-poky-linux/usr/lib/aarch64-poky-linux/10.2.0]
    arg [-L/home/hhy/sdk/arm_sdk_1.5/toolchain/sysroots/cortexa53-crypto-poky-linux/usr/lib] ==> dir [/home/hhy/sdk/arm_sdk_1.5/toolchain/sysroots/cortexa53-crypto-poky-linux/usr/lib]
    arg [-O1] ==> ignore
    arg [--hash-style=gnu] ==> ignore
    arg [--as-needed] ==> ignore
    arg [-zrelro] ==> ignore
    arg [-znow] ==> ignore
    arg [CMakeFiles/cmTC_a5ec1.dir/CMakeCCompilerABI.c.o] ==> ignore
    arg [-lgcc] ==> lib [gcc]
    arg [--push-state] ==> ignore
    arg [--as-needed] ==> ignore
    arg [-lgcc_s] ==> lib [gcc_s]
    arg [--pop-state] ==> ignore
    arg [-lc] ==> lib [c]
    arg [-lgcc] ==> lib [gcc]
    arg [--push-state] ==> ignore
    arg [--as-needed] ==> ignore
    arg [-lgcc_s] ==> lib [gcc_s]
    arg [--pop-state] ==> ignore
    arg [/home/hhy/sdk/arm_sdk_1.5/toolchain/sysroots/cortexa53-crypto-poky-linux/usr/lib/aarch64-poky-linux/10.2.0/crtendS.o] ==> ignore
    arg [/home/hhy/sdk/arm_sdk_1.5/toolchain/sysroots/cortexa53-crypto-poky-linux/usr/lib/crtn.o] ==> ignore
  collapse library dir [/home/hhy/sdk/arm_sdk_1.5/toolchain/sysroots/x86_64-pokysdk-linux/usr/lib/aarch64-poky-linux/gcc/aarch64-poky-linux/10.2.0] ==> [/home/hhy/sdk/arm_sdk_1.5/toolchain/sysroots/x86_64-pokysdk-linux/usr/lib/aarch64-poky-linux/gcc/aarch64-poky-linux/10.2.0]
  collapse library dir [/home/hhy/sdk/arm_sdk_1.5/toolchain/sysroots/cortexa53-crypto-poky-linux/lib] ==> [/home/hhy/sdk/arm_sdk_1.5/toolchain/sysroots/cortexa53-crypto-poky-linux/lib]
  collapse library dir [/home/hhy/sdk/arm_sdk_1.5/toolchain/sysroots/cortexa53-crypto-poky-linux/usr/lib/aarch64-poky-linux/10.2.0] ==> [/home/hhy/sdk/arm_sdk_1.5/toolchain/sysroots/cortexa53-crypto-poky-linux/usr/lib/aarch64-poky-linux/10.2.0]
  collapse library dir [/home/hhy/sdk/arm_sdk_1.5/toolchain/sysroots/cortexa53-crypto-poky-linux/usr/lib] ==> [/home/hhy/sdk/arm_sdk_1.5/toolchain/sysroots/cortexa53-crypto-poky-linux/usr/lib]
  implicit libs: [gcc;gcc_s;c;gcc;gcc_s]
  implicit dirs: [/home/hhy/sdk/arm_sdk_1.5/toolchain/sysroots/x86_64-pokysdk-linux/usr/lib/aarch64-poky-linux/gcc/aarch64-poky-linux/10.2.0;/home/hhy/sdk/arm_sdk_1.5/toolchain/sysroots/cortexa53-crypto-poky-linux/lib;/home/hhy/sdk/arm_sdk_1.5/toolchain/sysroots/cortexa53-crypto-poky-linux/usr/lib/aarch64-poky-linux/10.2.0;/home/hhy/sdk/arm_sdk_1.5/toolchain/sysroots/cortexa53-crypto-poky-linux/usr/lib]
  implicit fwks: []


Detecting CXX compiler ABI info compiled with the following output:
Change Dir: /mnt/d/work/git/SDM/code/build/CMakeFiles/CMakeTmp

Run Build Command(s):/home/hhy/sdk/arm_sdk_1.5/toolchain/sysroots/x86_64-pokysdk-linux/usr/bin/make cmTC_56a83/fast && /home/hhy/sdk/arm_sdk_1.5/toolchain/sysroots/x86_64-pokysdk-linux/usr/bin/make  -f CMakeFiles/cmTC_56a83.dir/build.make CMakeFiles/cmTC_56a83.dir/build
make[1]: Entering directory '/mnt/d/work/git/SDM/code/build/CMakeFiles/CMakeTmp'
Building CXX object CMakeFiles/cmTC_56a83.dir/CMakeCXXCompilerABI.cpp.o
/home/hhy/sdk/arm_sdk_1.5/toolchain/sysroots/x86_64-pokysdk-linux/usr/bin/aarch64-poky-linux/aarch64-poky-linux-g++ --sysroot=/home/hhy/sdk/arm_sdk_1.5/toolchain/sysroots/cortexa53-crypto-poky-linux   -O2 -g3    -v -o CMakeFiles/cmTC_56a83.dir/CMakeCXXCompilerABI.cpp.o -c /home/hhy/sdk/arm_sdk_1.5/toolchain/sysroots/x86_64-pokysdk-linux/usr/share/cmake-3.18/Modules/CMakeCXXCompilerABI.cpp
Using built-in specs.
COLLECT_GCC=/home/hhy/sdk/arm_sdk_1.5/toolchain/sysroots/x86_64-pokysdk-linux/usr/bin/aarch64-poky-linux/aarch64-poky-linux-g++
Target: aarch64-poky-linux
Configured with: ../../../../../../work-shared/gcc-10.2.0-r0/gcc-10.2.0/configure --build=x86_64-linux --host=x86_64-pokysdk-linux --target=aarch64-poky-linux --prefix=/opt/corbos-linux/2.30.0/sysroots/x86_64-pokysdk-linux/usr --exec_prefix=/opt/corbos-linux/2.30.0/sysroots/x86_64-pokysdk-linux/usr --bindir=/opt/corbos-linux/2.30.0/sysroots/x86_64-pokysdk-linux/usr/bin/aarch64-poky-linux --sbindir=/opt/corbos-linux/2.30.0/sysroots/x86_64-pokysdk-linux/usr/bin/aarch64-poky-linux --libexecdir=/opt/corbos-linux/2.30.0/sysroots/x86_64-pokysdk-linux/usr/libexec/aarch64-poky-linux --datadir=/opt/corbos-linux/2.30.0/sysroots/x86_64-pokysdk-linux/usr/share --sysconfdir=/opt/corbos-linux/2.30.0/sysroots/x86_64-pokysdk-linux/etc --sharedstatedir=/opt/corbos-linux/2.30.0/sysroots/x86_64-pokysdk-linux/com --localstatedir=/opt/corbos-linux/2.30.0/sysroots/x86_64-pokysdk-linux/var --libdir=/opt/corbos-linux/2.30.0/sysroots/x86_64-pokysdk-linux/usr/lib/aarch64-poky-linux --includedir=/opt/corbos-linux/2.30.0/sysroots/x86_64-pokysdk-linux/usr/include --oldincludedir=/opt/corbos-linux/2.30.0/sysroots/x86_64-pokysdk-linux/usr/include --infodir=/opt/corbos-linux/2.30.0/sysroots/x86_64-pokysdk-linux/usr/share/info --mandir=/opt/corbos-linux/2.30.0/sysroots/x86_64-pokysdk-linux/usr/share/man --disable-silent-rules --disable-dependency-tracking --with-libtool-sysroot=/DATA1/uib11116/g3-host8.x/eb_host8.x/eb_linux/build/tmp/work/x86_64-nativesdk-pokysdk-linux/gcc-cross-canadian-aarch64/10.2.0-r0/recipe-sysroot --with-gnu-ld --enable-shared --enable-languages=c,c++ --enable-threads=posix --enable-multilib --enable-default-pie --enable-c99 --enable-long-long --enable-symvers=gnu --enable-libstdcxx-pch --program-prefix=aarch64-poky-linux- --without-local-prefix --disable-install-libiberty --enable-lto --disable-libssp --enable-libitm --disable-bootstrap --with-system-zlib --with-linker-hash-style=gnu --enable-linker-build-id --with-ppl=no --with-cloog=no --enable-checking=release --enable-cheaders=c_global --without-isl --with-gxx-include-dir=/not/exist/usr/include/c++/10.2.0 --with-build-time-tools=/DATA1/uib11116/g3-host8.x/eb_host8.x/eb_linux/build/tmp/work/x86_64-nativesdk-pokysdk-linux/gcc-cross-canadian-aarch64/10.2.0-r0/recipe-sysroot-native/usr/aarch64-poky-linux/bin --with-sysroot=/not/exist --with-build-sysroot=/DATA1/uib11116/g3-host8.x/eb_host8.x/eb_linux/build/tmp/work/x86_64-nativesdk-pokysdk-linux/gcc-cross-canadian-aarch64/10.2.0-r0/recipe-sysroot --enable-poison-system-directories --disable-static --enable-nls --with-glibc-version=2.28 --enable-initfini-array --enable-__cxa_atexit
Thread model: posix
Supported LTO compression algorithms: zlib
gcc version 10.2.0 (GCC) 
COLLECT_GCC_OPTIONS='--sysroot=/home/hhy/sdk/arm_sdk_1.5/toolchain/sysroots/cortexa53-crypto-poky-linux' '-O2' '-g3' '-v' '-o' 'CMakeFiles/cmTC_56a83.dir/CMakeCXXCompilerABI.cpp.o' '-c' '-shared-libgcc' '-mlittle-endian' '-mabi=lp64'
 /home/hhy/sdk/arm_sdk_1.5/toolchain/sysroots/x86_64-pokysdk-linux/usr/libexec/aarch64-poky-linux/gcc/aarch64-poky-linux/10.2.0/cc1plus -quiet -v -isysroot /home/hhy/sdk/arm_sdk_1.5/toolchain/sysroots/cortexa53-crypto-poky-linux -dD -D_GNU_SOURCE /home/hhy/sdk/arm_sdk_1.5/toolchain/sysroots/x86_64-pokysdk-linux/usr/share/cmake-3.18/Modules/CMakeCXXCompilerABI.cpp -quiet -dumpbase CMakeCXXCompilerABI.cpp -mlittle-endian -mabi=lp64 -auxbase-strip CMakeFiles/cmTC_56a83.dir/CMakeCXXCompilerABI.cpp.o -g3 -O2 -version -o /tmp/ccmKAZH0.s
GNU C++14 (GCC) version 10.2.0 (aarch64-poky-linux)
	compiled by GNU C version 10.2.0, GMP version 6.2.0, MPFR version 4.1.0, MPC version 1.2.0, isl version none
GGC heuristics: --param ggc-min-expand=100 --param ggc-min-heapsize=131072
ignoring nonexistent directory "/home/hhy/sdk/arm_sdk_1.5/toolchain/sysroots/cortexa53-crypto-poky-linux/usr/local/include"
ignoring nonexistent directory "/home/hhy/sdk/arm_sdk_1.5/toolchain/sysroots/x86_64-pokysdk-linux/usr/lib/aarch64-poky-linux/gcc/aarch64-poky-linux/10.2.0/../../../../../aarch64-poky-linux/include"
#include "..." search starts here:
#include <...> search starts here:
 /home/hhy/sdk/arm_sdk_1.5/toolchain/sysroots/cortexa53-crypto-poky-linux/usr/include/c++/10.2.0
 /home/hhy/sdk/arm_sdk_1.5/toolchain/sysroots/cortexa53-crypto-poky-linux/usr/include/c++/10.2.0/aarch64-poky-linux
 /home/hhy/sdk/arm_sdk_1.5/toolchain/sysroots/cortexa53-crypto-poky-linux/usr/include/c++/10.2.0/backward
 /home/hhy/sdk/arm_sdk_1.5/toolchain/sysroots/x86_64-pokysdk-linux/usr/lib/aarch64-poky-linux/gcc/aarch64-poky-linux/10.2.0/include
 /home/hhy/sdk/arm_sdk_1.5/toolchain/sysroots/cortexa53-crypto-poky-linux/usr/lib/aarch64-poky-linux/10.2.0/include
 /home/hhy/sdk/arm_sdk_1.5/toolchain/sysroots/x86_64-pokysdk-linux/usr/lib/aarch64-poky-linux/gcc/aarch64-poky-linux/10.2.0/include-fixed
 /home/hhy/sdk/arm_sdk_1.5/toolchain/sysroots/cortexa53-crypto-poky-linux/usr/include/
End of search list.
GNU C++14 (GCC) version 10.2.0 (aarch64-poky-linux)
	compiled by GNU C version 10.2.0, GMP version 6.2.0, MPFR version 4.1.0, MPC version 1.2.0, isl version none
GGC heuristics: --param ggc-min-expand=100 --param ggc-min-heapsize=131072
Compiler executable checksum: 8360e15e24379227ef4f27c0c2840fa1
COLLECT_GCC_OPTIONS='--sysroot=/home/hhy/sdk/arm_sdk_1.5/toolchain/sysroots/cortexa53-crypto-poky-linux' '-O2' '-g3' '-v' '-o' 'CMakeFiles/cmTC_56a83.dir/CMakeCXXCompilerABI.cpp.o' '-c' '-shared-libgcc' '-mlittle-endian' '-mabi=lp64'
 /home/hhy/sdk/arm_sdk_1.5/toolchain/sysroots/x86_64-pokysdk-linux/usr/libexec/aarch64-poky-linux/gcc/aarch64-poky-linux/10.2.0/as -v -EL -mabi=lp64 -o CMakeFiles/cmTC_56a83.dir/CMakeCXXCompilerABI.cpp.o /tmp/ccmKAZH0.s
GNU assembler version 2.35.1 (aarch64-poky-linux) using BFD version (GNU Binutils) 2.35.1
COMPILER_PATH=/home/hhy/sdk/arm_sdk_1.5/toolchain/sysroots/x86_64-pokysdk-linux/usr/libexec/aarch64-poky-linux/gcc/aarch64-poky-linux/10.2.0/:/home/hhy/sdk/arm_sdk_1.5/toolchain/sysroots/x86_64-pokysdk-linux/usr/libexec/aarch64-poky-linux/gcc/aarch64-poky-linux/10.2.0/:/home/hhy/sdk/arm_sdk_1.5/toolchain/sysroots/x86_64-pokysdk-linux/usr/libexec/aarch64-poky-linux/gcc/aarch64-poky-linux/:/home/hhy/sdk/arm_sdk_1.5/toolchain/sysroots/x86_64-pokysdk-linux/usr/lib/aarch64-poky-linux/gcc/aarch64-poky-linux/10.2.0/:/home/hhy/sdk/arm_sdk_1.5/toolchain/sysroots/x86_64-pokysdk-linux/usr/lib/aarch64-poky-linux/gcc/aarch64-poky-linux/
LIBRARY_PATH=/home/hhy/sdk/arm_sdk_1.5/toolchain/sysroots/x86_64-pokysdk-linux/usr/lib/aarch64-poky-linux/gcc/aarch64-poky-linux/10.2.0/:/home/hhy/sdk/arm_sdk_1.5/toolchain/sysroots/cortexa53-crypto-poky-linux/lib/:/home/hhy/sdk/arm_sdk_1.5/toolchain/sysroots/cortexa53-crypto-poky-linux/usr/lib/aarch64-poky-linux/10.2.0/:/home/hhy/sdk/arm_sdk_1.5/toolchain/sysroots/cortexa53-crypto-poky-linux/usr/lib/
COLLECT_GCC_OPTIONS='--sysroot=/home/hhy/sdk/arm_sdk_1.5/toolchain/sysroots/cortexa53-crypto-poky-linux' '-O2' '-g3' '-v' '-o' 'CMakeFiles/cmTC_56a83.dir/CMakeCXXCompilerABI.cpp.o' '-c' '-shared-libgcc' '-mlittle-endian' '-mabi=lp64'
Linking CXX executable cmTC_56a83
/home/hhy/sdk/arm_sdk_1.5/toolchain/sysroots/x86_64-pokysdk-linux/usr/bin/cmake -E cmake_link_script CMakeFiles/cmTC_56a83.dir/link.txt --verbose=1
/home/hhy/sdk/arm_sdk_1.5/toolchain/sysroots/x86_64-pokysdk-linux/usr/bin/aarch64-poky-linux/aarch64-poky-linux-g++ --sysroot=/home/hhy/sdk/arm_sdk_1.5/toolchain/sysroots/cortexa53-crypto-poky-linux -O2 -g3  -Wl,-O1 -Wl,--hash-style=gnu -Wl,--as-needed -Wl,-z,relro,-z,now -v -rdynamic CMakeFiles/cmTC_56a83.dir/CMakeCXXCompilerABI.cpp.o -o cmTC_56a83 
Using built-in specs.
COLLECT_GCC=/home/hhy/sdk/arm_sdk_1.5/toolchain/sysroots/x86_64-pokysdk-linux/usr/bin/aarch64-poky-linux/aarch64-poky-linux-g++
COLLECT_LTO_WRAPPER=/home/hhy/sdk/arm_sdk_1.5/toolchain/sysroots/x86_64-pokysdk-linux/usr/libexec/aarch64-poky-linux/gcc/aarch64-poky-linux/10.2.0/lto-wrapper
Target: aarch64-poky-linux
Configured with: ../../../../../../work-shared/gcc-10.2.0-r0/gcc-10.2.0/configure --build=x86_64-linux --host=x86_64-pokysdk-linux --target=aarch64-poky-linux --prefix=/opt/corbos-linux/2.30.0/sysroots/x86_64-pokysdk-linux/usr --exec_prefix=/opt/corbos-linux/2.30.0/sysroots/x86_64-pokysdk-linux/usr --bindir=/opt/corbos-linux/2.30.0/sysroots/x86_64-pokysdk-linux/usr/bin/aarch64-poky-linux --sbindir=/opt/corbos-linux/2.30.0/sysroots/x86_64-pokysdk-linux/usr/bin/aarch64-poky-linux --libexecdir=/opt/corbos-linux/2.30.0/sysroots/x86_64-pokysdk-linux/usr/libexec/aarch64-poky-linux --datadir=/opt/corbos-linux/2.30.0/sysroots/x86_64-pokysdk-linux/usr/share --sysconfdir=/opt/corbos-linux/2.30.0/sysroots/x86_64-pokysdk-linux/etc --sharedstatedir=/opt/corbos-linux/2.30.0/sysroots/x86_64-pokysdk-linux/com --localstatedir=/opt/corbos-linux/2.30.0/sysroots/x86_64-pokysdk-linux/var --libdir=/opt/corbos-linux/2.30.0/sysroots/x86_64-pokysdk-linux/usr/lib/aarch64-poky-linux --includedir=/opt/corbos-linux/2.30.0/sysroots/x86_64-pokysdk-linux/usr/include --oldincludedir=/opt/corbos-linux/2.30.0/sysroots/x86_64-pokysdk-linux/usr/include --infodir=/opt/corbos-linux/2.30.0/sysroots/x86_64-pokysdk-linux/usr/share/info --mandir=/opt/corbos-linux/2.30.0/sysroots/x86_64-pokysdk-linux/usr/share/man --disable-silent-rules --disable-dependency-tracking --with-libtool-sysroot=/DATA1/uib11116/g3-host8.x/eb_host8.x/eb_linux/build/tmp/work/x86_64-nativesdk-pokysdk-linux/gcc-cross-canadian-aarch64/10.2.0-r0/recipe-sysroot --with-gnu-ld --enable-shared --enable-languages=c,c++ --enable-threads=posix --enable-multilib --enable-default-pie --enable-c99 --enable-long-long --enable-symvers=gnu --enable-libstdcxx-pch --program-prefix=aarch64-poky-linux- --without-local-prefix --disable-install-libiberty --enable-lto --disable-libssp --enable-libitm --disable-bootstrap --with-system-zlib --with-linker-hash-style=gnu --enable-linker-build-id --with-ppl=no --with-cloog=no --enable-checking=release --enable-cheaders=c_global --without-isl --with-gxx-include-dir=/not/exist/usr/include/c++/10.2.0 --with-build-time-tools=/DATA1/uib11116/g3-host8.x/eb_host8.x/eb_linux/build/tmp/work/x86_64-nativesdk-pokysdk-linux/gcc-cross-canadian-aarch64/10.2.0-r0/recipe-sysroot-native/usr/aarch64-poky-linux/bin --with-sysroot=/not/exist --with-build-sysroot=/DATA1/uib11116/g3-host8.x/eb_host8.x/eb_linux/build/tmp/work/x86_64-nativesdk-pokysdk-linux/gcc-cross-canadian-aarch64/10.2.0-r0/recipe-sysroot --enable-poison-system-directories --disable-static --enable-nls --with-glibc-version=2.28 --enable-initfini-array --enable-__cxa_atexit
Thread model: posix
Supported LTO compression algorithms: zlib
gcc version 10.2.0 (GCC) 
COMPILER_PATH=/home/hhy/sdk/arm_sdk_1.5/toolchain/sysroots/x86_64-pokysdk-linux/usr/libexec/aarch64-poky-linux/gcc/aarch64-poky-linux/10.2.0/:/home/hhy/sdk/arm_sdk_1.5/toolchain/sysroots/x86_64-pokysdk-linux/usr/libexec/aarch64-poky-linux/gcc/aarch64-poky-linux/10.2.0/:/home/hhy/sdk/arm_sdk_1.5/toolchain/sysroots/x86_64-pokysdk-linux/usr/libexec/aarch64-poky-linux/gcc/aarch64-poky-linux/:/home/hhy/sdk/arm_sdk_1.5/toolchain/sysroots/x86_64-pokysdk-linux/usr/lib/aarch64-poky-linux/gcc/aarch64-poky-linux/10.2.0/:/home/hhy/sdk/arm_sdk_1.5/toolchain/sysroots/x86_64-pokysdk-linux/usr/lib/aarch64-poky-linux/gcc/aarch64-poky-linux/
LIBRARY_PATH=/home/hhy/sdk/arm_sdk_1.5/toolchain/sysroots/x86_64-pokysdk-linux/usr/lib/aarch64-poky-linux/gcc/aarch64-poky-linux/10.2.0/:/home/hhy/sdk/arm_sdk_1.5/toolchain/sysroots/cortexa53-crypto-poky-linux/lib/:/home/hhy/sdk/arm_sdk_1.5/toolchain/sysroots/cortexa53-crypto-poky-linux/usr/lib/aarch64-poky-linux/10.2.0/:/home/hhy/sdk/arm_sdk_1.5/toolchain/sysroots/cortexa53-crypto-poky-linux/usr/lib/
COLLECT_GCC_OPTIONS='--sysroot=/home/hhy/sdk/arm_sdk_1.5/toolchain/sysroots/cortexa53-crypto-poky-linux' '-O2' '-g3' '-v' '-rdynamic' '-o' 'cmTC_56a83' '-shared-libgcc' '-mlittle-endian' '-mabi=lp64'
 /home/hhy/sdk/arm_sdk_1.5/toolchain/sysroots/x86_64-pokysdk-linux/usr/libexec/aarch64-poky-linux/gcc/aarch64-poky-linux/10.2.0/collect2 -plugin /home/hhy/sdk/arm_sdk_1.5/toolchain/sysroots/x86_64-pokysdk-linux/usr/libexec/aarch64-poky-linux/gcc/aarch64-poky-linux/10.2.0/liblto_plugin.so -plugin-opt=/home/hhy/sdk/arm_sdk_1.5/toolchain/sysroots/x86_64-pokysdk-linux/usr/libexec/aarch64-poky-linux/gcc/aarch64-poky-linux/10.2.0/lto-wrapper -plugin-opt=-fresolution=/tmp/cccIYjKu.res -plugin-opt=-pass-through=-lgcc_s -plugin-opt=-pass-through=-lgcc -plugin-opt=-pass-through=-lc -plugin-opt=-pass-through=-lgcc_s -plugin-opt=-pass-through=-lgcc --sysroot=/home/hhy/sdk/arm_sdk_1.5/toolchain/sysroots/cortexa53-crypto-poky-linux --build-id --eh-frame-hdr --hash-style=gnu -export-dynamic -dynamic-linker /lib/ld-linux-aarch64.so.1 -X -EL -maarch64linux -pie -o cmTC_56a83 /home/hhy/sdk/arm_sdk_1.5/toolchain/sysroots/cortexa53-crypto-poky-linux/usr/lib/Scrt1.o /home/hhy/sdk/arm_sdk_1.5/toolchain/sysroots/cortexa53-crypto-poky-linux/usr/lib/crti.o /home/hhy/sdk/arm_sdk_1.5/toolchain/sysroots/cortexa53-crypto-poky-linux/usr/lib/aarch64-poky-linux/10.2.0/crtbeginS.o -L/home/hhy/sdk/arm_sdk_1.5/toolchain/sysroots/x86_64-pokysdk-linux/usr/lib/aarch64-poky-linux/gcc/aarch64-poky-linux/10.2.0 -L/home/hhy/sdk/arm_sdk_1.5/toolchain/sysroots/cortexa53-crypto-poky-linux/lib -L/home/hhy/sdk/arm_sdk_1.5/toolchain/sysroots/cortexa53-crypto-poky-linux/usr/lib/aarch64-poky-linux/10.2.0 -L/home/hhy/sdk/arm_sdk_1.5/toolchain/sysroots/cortexa53-crypto-poky-linux/usr/lib -O1 --hash-style=gnu --as-needed -z relro -z now CMakeFiles/cmTC_56a83.dir/CMakeCXXCompilerABI.cpp.o -lstdc++ -lm -lgcc_s -lgcc -lc -lgcc_s -lgcc /home/hhy/sdk/arm_sdk_1.5/toolchain/sysroots/cortexa53-crypto-poky-linux/usr/lib/aarch64-poky-linux/10.2.0/crtendS.o /home/hhy/sdk/arm_sdk_1.5/toolchain/sysroots/cortexa53-crypto-poky-linux/usr/lib/crtn.o
COLLECT_GCC_OPTIONS='--sysroot=/home/hhy/sdk/arm_sdk_1.5/toolchain/sysroots/cortexa53-crypto-poky-linux' '-O2' '-g3' '-v' '-rdynamic' '-o' 'cmTC_56a83' '-shared-libgcc' '-mlittle-endian' '-mabi=lp64'
make[1]: Leaving directory '/mnt/d/work/git/SDM/code/build/CMakeFiles/CMakeTmp'



Parsed CXX implicit include dir info from above output: rv=done
  found start of include info
  found start of implicit include info
    add: [/home/hhy/sdk/arm_sdk_1.5/toolchain/sysroots/cortexa53-crypto-poky-linux/usr/include/c++/10.2.0]
    add: [/home/hhy/sdk/arm_sdk_1.5/toolchain/sysroots/cortexa53-crypto-poky-linux/usr/include/c++/10.2.0/aarch64-poky-linux]
    add: [/home/hhy/sdk/arm_sdk_1.5/toolchain/sysroots/cortexa53-crypto-poky-linux/usr/include/c++/10.2.0/backward]
    add: [/home/hhy/sdk/arm_sdk_1.5/toolchain/sysroots/x86_64-pokysdk-linux/usr/lib/aarch64-poky-linux/gcc/aarch64-poky-linux/10.2.0/include]
    add: [/home/hhy/sdk/arm_sdk_1.5/toolchain/sysroots/cortexa53-crypto-poky-linux/usr/lib/aarch64-poky-linux/10.2.0/include]
    add: [/home/hhy/sdk/arm_sdk_1.5/toolchain/sysroots/x86_64-pokysdk-linux/usr/lib/aarch64-poky-linux/gcc/aarch64-poky-linux/10.2.0/include-fixed]
    add: [/home/hhy/sdk/arm_sdk_1.5/toolchain/sysroots/cortexa53-crypto-poky-linux/usr/include/]
  end of search list found
  collapse include dir [/home/hhy/sdk/arm_sdk_1.5/toolchain/sysroots/cortexa53-crypto-poky-linux/usr/include/c++/10.2.0] ==> [/home/hhy/sdk/arm_sdk_1.5/toolchain/sysroots/cortexa53-crypto-poky-linux/usr/include/c++/10.2.0]
  collapse include dir [/home/hhy/sdk/arm_sdk_1.5/toolchain/sysroots/cortexa53-crypto-poky-linux/usr/include/c++/10.2.0/aarch64-poky-linux] ==> [/home/hhy/sdk/arm_sdk_1.5/toolchain/sysroots/cortexa53-crypto-poky-linux/usr/include/c++/10.2.0/aarch64-poky-linux]
  collapse include dir [/home/hhy/sdk/arm_sdk_1.5/toolchain/sysroots/cortexa53-crypto-poky-linux/usr/include/c++/10.2.0/backward] ==> [/home/hhy/sdk/arm_sdk_1.5/toolchain/sysroots/cortexa53-crypto-poky-linux/usr/include/c++/10.2.0/backward]
  collapse include dir [/home/hhy/sdk/arm_sdk_1.5/toolchain/sysroots/x86_64-pokysdk-linux/usr/lib/aarch64-poky-linux/gcc/aarch64-poky-linux/10.2.0/include] ==> [/home/hhy/sdk/arm_sdk_1.5/toolchain/sysroots/x86_64-pokysdk-linux/usr/lib/aarch64-poky-linux/gcc/aarch64-poky-linux/10.2.0/include]
  collapse include dir [/home/hhy/sdk/arm_sdk_1.5/toolchain/sysroots/cortexa53-crypto-poky-linux/usr/lib/aarch64-poky-linux/10.2.0/include] ==> [/home/hhy/sdk/arm_sdk_1.5/toolchain/sysroots/cortexa53-crypto-poky-linux/usr/lib/aarch64-poky-linux/10.2.0/include]
  collapse include dir [/home/hhy/sdk/arm_sdk_1.5/toolchain/sysroots/x86_64-pokysdk-linux/usr/lib/aarch64-poky-linux/gcc/aarch64-poky-linux/10.2.0/include-fixed] ==> [/home/hhy/sdk/arm_sdk_1.5/toolchain/sysroots/x86_64-pokysdk-linux/usr/lib/aarch64-poky-linux/gcc/aarch64-poky-linux/10.2.0/include-fixed]
  collapse include dir [/home/hhy/sdk/arm_sdk_1.5/toolchain/sysroots/cortexa53-crypto-poky-linux/usr/include/] ==> [/home/hhy/sdk/arm_sdk_1.5/toolchain/sysroots/cortexa53-crypto-poky-linux/usr/include]
  implicit include dirs: [/home/hhy/sdk/arm_sdk_1.5/toolchain/sysroots/cortexa53-crypto-poky-linux/usr/include/c++/10.2.0;/home/hhy/sdk/arm_sdk_1.5/toolchain/sysroots/cortexa53-crypto-poky-linux/usr/include/c++/10.2.0/aarch64-poky-linux;/home/hhy/sdk/arm_sdk_1.5/toolchain/sysroots/cortexa53-crypto-poky-linux/usr/include/c++/10.2.0/backward;/home/hhy/sdk/arm_sdk_1.5/toolchain/sysroots/x86_64-pokysdk-linux/usr/lib/aarch64-poky-linux/gcc/aarch64-poky-linux/10.2.0/include;/home/hhy/sdk/arm_sdk_1.5/toolchain/sysroots/cortexa53-crypto-poky-linux/usr/lib/aarch64-poky-linux/10.2.0/include;/home/hhy/sdk/arm_sdk_1.5/toolchain/sysroots/x86_64-pokysdk-linux/usr/lib/aarch64-poky-linux/gcc/aarch64-poky-linux/10.2.0/include-fixed;/home/hhy/sdk/arm_sdk_1.5/toolchain/sysroots/cortexa53-crypto-poky-linux/usr/include]


Parsed CXX implicit link information from above output:
  link line regex: [^( *|.*[/\])(aarch64-poky-linux-ld|CMAKE_LINK_STARTFILE-NOTFOUND|([^/\]+-)?ld|collect2)[^/\]*( |$)]
  ignore line: [Change Dir: /mnt/d/work/git/SDM/code/build/CMakeFiles/CMakeTmp]
  ignore line: []
  ignore line: [Run Build Command(s):/home/hhy/sdk/arm_sdk_1.5/toolchain/sysroots/x86_64-pokysdk-linux/usr/bin/make cmTC_56a83/fast && /home/hhy/sdk/arm_sdk_1.5/toolchain/sysroots/x86_64-pokysdk-linux/usr/bin/make  -f CMakeFiles/cmTC_56a83.dir/build.make CMakeFiles/cmTC_56a83.dir/build]
  ignore line: [make[1]: Entering directory '/mnt/d/work/git/SDM/code/build/CMakeFiles/CMakeTmp']
  ignore line: [Building CXX object CMakeFiles/cmTC_56a83.dir/CMakeCXXCompilerABI.cpp.o]
  ignore line: [/home/hhy/sdk/arm_sdk_1.5/toolchain/sysroots/x86_64-pokysdk-linux/usr/bin/aarch64-poky-linux/aarch64-poky-linux-g++ --sysroot=/home/hhy/sdk/arm_sdk_1.5/toolchain/sysroots/cortexa53-crypto-poky-linux   -O2 -g3    -v -o CMakeFiles/cmTC_56a83.dir/CMakeCXXCompilerABI.cpp.o -c /home/hhy/sdk/arm_sdk_1.5/toolchain/sysroots/x86_64-pokysdk-linux/usr/share/cmake-3.18/Modules/CMakeCXXCompilerABI.cpp]
  ignore line: [Using built-in specs.]
  ignore line: [COLLECT_GCC=/home/hhy/sdk/arm_sdk_1.5/toolchain/sysroots/x86_64-pokysdk-linux/usr/bin/aarch64-poky-linux/aarch64-poky-linux-g++]
  ignore line: [Target: aarch64-poky-linux]
  ignore line: [Configured with: ../../../../../../work-shared/gcc-10.2.0-r0/gcc-10.2.0/configure --build=x86_64-linux --host=x86_64-pokysdk-linux --target=aarch64-poky-linux --prefix=/opt/corbos-linux/2.30.0/sysroots/x86_64-pokysdk-linux/usr --exec_prefix=/opt/corbos-linux/2.30.0/sysroots/x86_64-pokysdk-linux/usr --bindir=/opt/corbos-linux/2.30.0/sysroots/x86_64-pokysdk-linux/usr/bin/aarch64-poky-linux --sbindir=/opt/corbos-linux/2.30.0/sysroots/x86_64-pokysdk-linux/usr/bin/aarch64-poky-linux --libexecdir=/opt/corbos-linux/2.30.0/sysroots/x86_64-pokysdk-linux/usr/libexec/aarch64-poky-linux --datadir=/opt/corbos-linux/2.30.0/sysroots/x86_64-pokysdk-linux/usr/share --sysconfdir=/opt/corbos-linux/2.30.0/sysroots/x86_64-pokysdk-linux/etc --sharedstatedir=/opt/corbos-linux/2.30.0/sysroots/x86_64-pokysdk-linux/com --localstatedir=/opt/corbos-linux/2.30.0/sysroots/x86_64-pokysdk-linux/var --libdir=/opt/corbos-linux/2.30.0/sysroots/x86_64-pokysdk-linux/usr/lib/aarch64-poky-linux --includedir=/opt/corbos-linux/2.30.0/sysroots/x86_64-pokysdk-linux/usr/include --oldincludedir=/opt/corbos-linux/2.30.0/sysroots/x86_64-pokysdk-linux/usr/include --infodir=/opt/corbos-linux/2.30.0/sysroots/x86_64-pokysdk-linux/usr/share/info --mandir=/opt/corbos-linux/2.30.0/sysroots/x86_64-pokysdk-linux/usr/share/man --disable-silent-rules --disable-dependency-tracking --with-libtool-sysroot=/DATA1/uib11116/g3-host8.x/eb_host8.x/eb_linux/build/tmp/work/x86_64-nativesdk-pokysdk-linux/gcc-cross-canadian-aarch64/10.2.0-r0/recipe-sysroot --with-gnu-ld --enable-shared --enable-languages=c,c++ --enable-threads=posix --enable-multilib --enable-default-pie --enable-c99 --enable-long-long --enable-symvers=gnu --enable-libstdcxx-pch --program-prefix=aarch64-poky-linux- --without-local-prefix --disable-install-libiberty --enable-lto --disable-libssp --enable-libitm --disable-bootstrap --with-system-zlib --with-linker-hash-style=gnu --enable-linker-build-id --with-ppl=no --with-cloog=no --enable-checking=release --enable-cheaders=c_global --without-isl --with-gxx-include-dir=/not/exist/usr/include/c++/10.2.0 --with-build-time-tools=/DATA1/uib11116/g3-host8.x/eb_host8.x/eb_linux/build/tmp/work/x86_64-nativesdk-pokysdk-linux/gcc-cross-canadian-aarch64/10.2.0-r0/recipe-sysroot-native/usr/aarch64-poky-linux/bin --with-sysroot=/not/exist --with-build-sysroot=/DATA1/uib11116/g3-host8.x/eb_host8.x/eb_linux/build/tmp/work/x86_64-nativesdk-pokysdk-linux/gcc-cross-canadian-aarch64/10.2.0-r0/recipe-sysroot --enable-poison-system-directories --disable-static --enable-nls --with-glibc-version=2.28 --enable-initfini-array --enable-__cxa_atexit]
  ignore line: [Thread model: posix]
  ignore line: [Supported LTO compression algorithms: zlib]
  ignore line: [gcc version 10.2.0 (GCC) ]
  ignore line: [COLLECT_GCC_OPTIONS='--sysroot=/home/hhy/sdk/arm_sdk_1.5/toolchain/sysroots/cortexa53-crypto-poky-linux' '-O2' '-g3' '-v' '-o' 'CMakeFiles/cmTC_56a83.dir/CMakeCXXCompilerABI.cpp.o' '-c' '-shared-libgcc' '-mlittle-endian' '-mabi=lp64']
  ignore line: [ /home/hhy/sdk/arm_sdk_1.5/toolchain/sysroots/x86_64-pokysdk-linux/usr/libexec/aarch64-poky-linux/gcc/aarch64-poky-linux/10.2.0/cc1plus -quiet -v -isysroot /home/hhy/sdk/arm_sdk_1.5/toolchain/sysroots/cortexa53-crypto-poky-linux -dD -D_GNU_SOURCE /home/hhy/sdk/arm_sdk_1.5/toolchain/sysroots/x86_64-pokysdk-linux/usr/share/cmake-3.18/Modules/CMakeCXXCompilerABI.cpp -quiet -dumpbase CMakeCXXCompilerABI.cpp -mlittle-endian -mabi=lp64 -auxbase-strip CMakeFiles/cmTC_56a83.dir/CMakeCXXCompilerABI.cpp.o -g3 -O2 -version -o /tmp/ccmKAZH0.s]
  ignore line: [GNU C++14 (GCC) version 10.2.0 (aarch64-poky-linux)]
  ignore line: [	compiled by GNU C version 10.2.0  GMP version 6.2.0  MPFR version 4.1.0  MPC version 1.2.0  isl version none]
  ignore line: [GGC heuristics: --param ggc-min-expand=100 --param ggc-min-heapsize=131072]
  ignore line: [ignoring nonexistent directory "/home/hhy/sdk/arm_sdk_1.5/toolchain/sysroots/cortexa53-crypto-poky-linux/usr/local/include"]
  ignore line: [ignoring nonexistent directory "/home/hhy/sdk/arm_sdk_1.5/toolchain/sysroots/x86_64-pokysdk-linux/usr/lib/aarch64-poky-linux/gcc/aarch64-poky-linux/10.2.0/../../../../../aarch64-poky-linux/include"]
  ignore line: [#include "..." search starts here:]
  ignore line: [#include <...> search starts here:]
  ignore line: [ /home/hhy/sdk/arm_sdk_1.5/toolchain/sysroots/cortexa53-crypto-poky-linux/usr/include/c++/10.2.0]
  ignore line: [ /home/hhy/sdk/arm_sdk_1.5/toolchain/sysroots/cortexa53-crypto-poky-linux/usr/include/c++/10.2.0/aarch64-poky-linux]
  ignore line: [ /home/hhy/sdk/arm_sdk_1.5/toolchain/sysroots/cortexa53-crypto-poky-linux/usr/include/c++/10.2.0/backward]
  ignore line: [ /home/hhy/sdk/arm_sdk_1.5/toolchain/sysroots/x86_64-pokysdk-linux/usr/lib/aarch64-poky-linux/gcc/aarch64-poky-linux/10.2.0/include]
  ignore line: [ /home/hhy/sdk/arm_sdk_1.5/toolchain/sysroots/cortexa53-crypto-poky-linux/usr/lib/aarch64-poky-linux/10.2.0/include]
  ignore line: [ /home/hhy/sdk/arm_sdk_1.5/toolchain/sysroots/x86_64-pokysdk-linux/usr/lib/aarch64-poky-linux/gcc/aarch64-poky-linux/10.2.0/include-fixed]
  ignore line: [ /home/hhy/sdk/arm_sdk_1.5/toolchain/sysroots/cortexa53-crypto-poky-linux/usr/include/]
  ignore line: [End of search list.]
  ignore line: [GNU C++14 (GCC) version 10.2.0 (aarch64-poky-linux)]
  ignore line: [	compiled by GNU C version 10.2.0  GMP version 6.2.0  MPFR version 4.1.0  MPC version 1.2.0  isl version none]
  ignore line: [GGC heuristics: --param ggc-min-expand=100 --param ggc-min-heapsize=131072]
  ignore line: [Compiler executable checksum: 8360e15e24379227ef4f27c0c2840fa1]
  ignore line: [COLLECT_GCC_OPTIONS='--sysroot=/home/hhy/sdk/arm_sdk_1.5/toolchain/sysroots/cortexa53-crypto-poky-linux' '-O2' '-g3' '-v' '-o' 'CMakeFiles/cmTC_56a83.dir/CMakeCXXCompilerABI.cpp.o' '-c' '-shared-libgcc' '-mlittle-endian' '-mabi=lp64']
  ignore line: [ /home/hhy/sdk/arm_sdk_1.5/toolchain/sysroots/x86_64-pokysdk-linux/usr/libexec/aarch64-poky-linux/gcc/aarch64-poky-linux/10.2.0/as -v -EL -mabi=lp64 -o CMakeFiles/cmTC_56a83.dir/CMakeCXXCompilerABI.cpp.o /tmp/ccmKAZH0.s]
  ignore line: [GNU assembler version 2.35.1 (aarch64-poky-linux) using BFD version (GNU Binutils) 2.35.1]
  ignore line: [COMPILER_PATH=/home/hhy/sdk/arm_sdk_1.5/toolchain/sysroots/x86_64-pokysdk-linux/usr/libexec/aarch64-poky-linux/gcc/aarch64-poky-linux/10.2.0/:/home/hhy/sdk/arm_sdk_1.5/toolchain/sysroots/x86_64-pokysdk-linux/usr/libexec/aarch64-poky-linux/gcc/aarch64-poky-linux/10.2.0/:/home/hhy/sdk/arm_sdk_1.5/toolchain/sysroots/x86_64-pokysdk-linux/usr/libexec/aarch64-poky-linux/gcc/aarch64-poky-linux/:/home/hhy/sdk/arm_sdk_1.5/toolchain/sysroots/x86_64-pokysdk-linux/usr/lib/aarch64-poky-linux/gcc/aarch64-poky-linux/10.2.0/:/home/hhy/sdk/arm_sdk_1.5/toolchain/sysroots/x86_64-pokysdk-linux/usr/lib/aarch64-poky-linux/gcc/aarch64-poky-linux/]
  ignore line: [LIBRARY_PATH=/home/hhy/sdk/arm_sdk_1.5/toolchain/sysroots/x86_64-pokysdk-linux/usr/lib/aarch64-poky-linux/gcc/aarch64-poky-linux/10.2.0/:/home/hhy/sdk/arm_sdk_1.5/toolchain/sysroots/cortexa53-crypto-poky-linux/lib/:/home/hhy/sdk/arm_sdk_1.5/toolchain/sysroots/cortexa53-crypto-poky-linux/usr/lib/aarch64-poky-linux/10.2.0/:/home/hhy/sdk/arm_sdk_1.5/toolchain/sysroots/cortexa53-crypto-poky-linux/usr/lib/]
  ignore line: [COLLECT_GCC_OPTIONS='--sysroot=/home/hhy/sdk/arm_sdk_1.5/toolchain/sysroots/cortexa53-crypto-poky-linux' '-O2' '-g3' '-v' '-o' 'CMakeFiles/cmTC_56a83.dir/CMakeCXXCompilerABI.cpp.o' '-c' '-shared-libgcc' '-mlittle-endian' '-mabi=lp64']
  ignore line: [Linking CXX executable cmTC_56a83]
  ignore line: [/home/hhy/sdk/arm_sdk_1.5/toolchain/sysroots/x86_64-pokysdk-linux/usr/bin/cmake -E cmake_link_script CMakeFiles/cmTC_56a83.dir/link.txt --verbose=1]
  ignore line: [/home/hhy/sdk/arm_sdk_1.5/toolchain/sysroots/x86_64-pokysdk-linux/usr/bin/aarch64-poky-linux/aarch64-poky-linux-g++ --sysroot=/home/hhy/sdk/arm_sdk_1.5/toolchain/sysroots/cortexa53-crypto-poky-linux -O2 -g3  -Wl -O1 -Wl --hash-style=gnu -Wl --as-needed -Wl -z relro -z now -v -rdynamic CMakeFiles/cmTC_56a83.dir/CMakeCXXCompilerABI.cpp.o -o cmTC_56a83 ]
  ignore line: [Using built-in specs.]
  ignore line: [COLLECT_GCC=/home/hhy/sdk/arm_sdk_1.5/toolchain/sysroots/x86_64-pokysdk-linux/usr/bin/aarch64-poky-linux/aarch64-poky-linux-g++]
  ignore line: [COLLECT_LTO_WRAPPER=/home/hhy/sdk/arm_sdk_1.5/toolchain/sysroots/x86_64-pokysdk-linux/usr/libexec/aarch64-poky-linux/gcc/aarch64-poky-linux/10.2.0/lto-wrapper]
  ignore line: [Target: aarch64-poky-linux]
  ignore line: [Configured with: ../../../../../../work-shared/gcc-10.2.0-r0/gcc-10.2.0/configure --build=x86_64-linux --host=x86_64-pokysdk-linux --target=aarch64-poky-linux --prefix=/opt/corbos-linux/2.30.0/sysroots/x86_64-pokysdk-linux/usr --exec_prefix=/opt/corbos-linux/2.30.0/sysroots/x86_64-pokysdk-linux/usr --bindir=/opt/corbos-linux/2.30.0/sysroots/x86_64-pokysdk-linux/usr/bin/aarch64-poky-linux --sbindir=/opt/corbos-linux/2.30.0/sysroots/x86_64-pokysdk-linux/usr/bin/aarch64-poky-linux --libexecdir=/opt/corbos-linux/2.30.0/sysroots/x86_64-pokysdk-linux/usr/libexec/aarch64-poky-linux --datadir=/opt/corbos-linux/2.30.0/sysroots/x86_64-pokysdk-linux/usr/share --sysconfdir=/opt/corbos-linux/2.30.0/sysroots/x86_64-pokysdk-linux/etc --sharedstatedir=/opt/corbos-linux/2.30.0/sysroots/x86_64-pokysdk-linux/com --localstatedir=/opt/corbos-linux/2.30.0/sysroots/x86_64-pokysdk-linux/var --libdir=/opt/corbos-linux/2.30.0/sysroots/x86_64-pokysdk-linux/usr/lib/aarch64-poky-linux --includedir=/opt/corbos-linux/2.30.0/sysroots/x86_64-pokysdk-linux/usr/include --oldincludedir=/opt/corbos-linux/2.30.0/sysroots/x86_64-pokysdk-linux/usr/include --infodir=/opt/corbos-linux/2.30.0/sysroots/x86_64-pokysdk-linux/usr/share/info --mandir=/opt/corbos-linux/2.30.0/sysroots/x86_64-pokysdk-linux/usr/share/man --disable-silent-rules --disable-dependency-tracking --with-libtool-sysroot=/DATA1/uib11116/g3-host8.x/eb_host8.x/eb_linux/build/tmp/work/x86_64-nativesdk-pokysdk-linux/gcc-cross-canadian-aarch64/10.2.0-r0/recipe-sysroot --with-gnu-ld --enable-shared --enable-languages=c,c++ --enable-threads=posix --enable-multilib --enable-default-pie --enable-c99 --enable-long-long --enable-symvers=gnu --enable-libstdcxx-pch --program-prefix=aarch64-poky-linux- --without-local-prefix --disable-install-libiberty --enable-lto --disable-libssp --enable-libitm --disable-bootstrap --with-system-zlib --with-linker-hash-style=gnu --enable-linker-build-id --with-ppl=no --with-cloog=no --enable-checking=release --enable-cheaders=c_global --without-isl --with-gxx-include-dir=/not/exist/usr/include/c++/10.2.0 --with-build-time-tools=/DATA1/uib11116/g3-host8.x/eb_host8.x/eb_linux/build/tmp/work/x86_64-nativesdk-pokysdk-linux/gcc-cross-canadian-aarch64/10.2.0-r0/recipe-sysroot-native/usr/aarch64-poky-linux/bin --with-sysroot=/not/exist --with-build-sysroot=/DATA1/uib11116/g3-host8.x/eb_host8.x/eb_linux/build/tmp/work/x86_64-nativesdk-pokysdk-linux/gcc-cross-canadian-aarch64/10.2.0-r0/recipe-sysroot --enable-poison-system-directories --disable-static --enable-nls --with-glibc-version=2.28 --enable-initfini-array --enable-__cxa_atexit]
  ignore line: [Thread model: posix]
  ignore line: [Supported LTO compression algorithms: zlib]
  ignore line: [gcc version 10.2.0 (GCC) ]
  ignore line: [COMPILER_PATH=/home/hhy/sdk/arm_sdk_1.5/toolchain/sysroots/x86_64-pokysdk-linux/usr/libexec/aarch64-poky-linux/gcc/aarch64-poky-linux/10.2.0/:/home/hhy/sdk/arm_sdk_1.5/toolchain/sysroots/x86_64-pokysdk-linux/usr/libexec/aarch64-poky-linux/gcc/aarch64-poky-linux/10.2.0/:/home/hhy/sdk/arm_sdk_1.5/toolchain/sysroots/x86_64-pokysdk-linux/usr/libexec/aarch64-poky-linux/gcc/aarch64-poky-linux/:/home/hhy/sdk/arm_sdk_1.5/toolchain/sysroots/x86_64-pokysdk-linux/usr/lib/aarch64-poky-linux/gcc/aarch64-poky-linux/10.2.0/:/home/hhy/sdk/arm_sdk_1.5/toolchain/sysroots/x86_64-pokysdk-linux/usr/lib/aarch64-poky-linux/gcc/aarch64-poky-linux/]
  ignore line: [LIBRARY_PATH=/home/hhy/sdk/arm_sdk_1.5/toolchain/sysroots/x86_64-pokysdk-linux/usr/lib/aarch64-poky-linux/gcc/aarch64-poky-linux/10.2.0/:/home/hhy/sdk/arm_sdk_1.5/toolchain/sysroots/cortexa53-crypto-poky-linux/lib/:/home/hhy/sdk/arm_sdk_1.5/toolchain/sysroots/cortexa53-crypto-poky-linux/usr/lib/aarch64-poky-linux/10.2.0/:/home/hhy/sdk/arm_sdk_1.5/toolchain/sysroots/cortexa53-crypto-poky-linux/usr/lib/]
  ignore line: [COLLECT_GCC_OPTIONS='--sysroot=/home/hhy/sdk/arm_sdk_1.5/toolchain/sysroots/cortexa53-crypto-poky-linux' '-O2' '-g3' '-v' '-rdynamic' '-o' 'cmTC_56a83' '-shared-libgcc' '-mlittle-endian' '-mabi=lp64']
  link line: [ /home/hhy/sdk/arm_sdk_1.5/toolchain/sysroots/x86_64-pokysdk-linux/usr/libexec/aarch64-poky-linux/gcc/aarch64-poky-linux/10.2.0/collect2 -plugin /home/hhy/sdk/arm_sdk_1.5/toolchain/sysroots/x86_64-pokysdk-linux/usr/libexec/aarch64-poky-linux/gcc/aarch64-poky-linux/10.2.0/liblto_plugin.so -plugin-opt=/home/hhy/sdk/arm_sdk_1.5/toolchain/sysroots/x86_64-pokysdk-linux/usr/libexec/aarch64-poky-linux/gcc/aarch64-poky-linux/10.2.0/lto-wrapper -plugin-opt=-fresolution=/tmp/cccIYjKu.res -plugin-opt=-pass-through=-lgcc_s -plugin-opt=-pass-through=-lgcc -plugin-opt=-pass-through=-lc -plugin-opt=-pass-through=-lgcc_s -plugin-opt=-pass-through=-lgcc --sysroot=/home/hhy/sdk/arm_sdk_1.5/toolchain/sysroots/cortexa53-crypto-poky-linux --build-id --eh-frame-hdr --hash-style=gnu -export-dynamic -dynamic-linker /lib/ld-linux-aarch64.so.1 -X -EL -maarch64linux -pie -o cmTC_56a83 /home/hhy/sdk/arm_sdk_1.5/toolchain/sysroots/cortexa53-crypto-poky-linux/usr/lib/Scrt1.o /home/hhy/sdk/arm_sdk_1.5/toolchain/sysroots/cortexa53-crypto-poky-linux/usr/lib/crti.o /home/hhy/sdk/arm_sdk_1.5/toolchain/sysroots/cortexa53-crypto-poky-linux/usr/lib/aarch64-poky-linux/10.2.0/crtbeginS.o -L/home/hhy/sdk/arm_sdk_1.5/toolchain/sysroots/x86_64-pokysdk-linux/usr/lib/aarch64-poky-linux/gcc/aarch64-poky-linux/10.2.0 -L/home/hhy/sdk/arm_sdk_1.5/toolchain/sysroots/cortexa53-crypto-poky-linux/lib -L/home/hhy/sdk/arm_sdk_1.5/toolchain/sysroots/cortexa53-crypto-poky-linux/usr/lib/aarch64-poky-linux/10.2.0 -L/home/hhy/sdk/arm_sdk_1.5/toolchain/sysroots/cortexa53-crypto-poky-linux/usr/lib -O1 --hash-style=gnu --as-needed -z relro -z now CMakeFiles/cmTC_56a83.dir/CMakeCXXCompilerABI.cpp.o -lstdc++ -lm -lgcc_s -lgcc -lc -lgcc_s -lgcc /home/hhy/sdk/arm_sdk_1.5/toolchain/sysroots/cortexa53-crypto-poky-linux/usr/lib/aarch64-poky-linux/10.2.0/crtendS.o /home/hhy/sdk/arm_sdk_1.5/toolchain/sysroots/cortexa53-crypto-poky-linux/usr/lib/crtn.o]
    arg [/home/hhy/sdk/arm_sdk_1.5/toolchain/sysroots/x86_64-pokysdk-linux/usr/libexec/aarch64-poky-linux/gcc/aarch64-poky-linux/10.2.0/collect2] ==> ignore
    arg [-plugin] ==> ignore
    arg [/home/hhy/sdk/arm_sdk_1.5/toolchain/sysroots/x86_64-pokysdk-linux/usr/libexec/aarch64-poky-linux/gcc/aarch64-poky-linux/10.2.0/liblto_plugin.so] ==> ignore
    arg [-plugin-opt=/home/hhy/sdk/arm_sdk_1.5/toolchain/sysroots/x86_64-pokysdk-linux/usr/libexec/aarch64-poky-linux/gcc/aarch64-poky-linux/10.2.0/lto-wrapper] ==> ignore
    arg [-plugin-opt=-fresolution=/tmp/cccIYjKu.res] ==> ignore
    arg [-plugin-opt=-pass-through=-lgcc_s] ==> ignore
    arg [-plugin-opt=-pass-through=-lgcc] ==> ignore
    arg [-plugin-opt=-pass-through=-lc] ==> ignore
    arg [-plugin-opt=-pass-through=-lgcc_s] ==> ignore
    arg [-plugin-opt=-pass-through=-lgcc] ==> ignore
    arg [--sysroot=/home/hhy/sdk/arm_sdk_1.5/toolchain/sysroots/cortexa53-crypto-poky-linux] ==> ignore
    arg [--build-id] ==> ignore
    arg [--eh-frame-hdr] ==> ignore
    arg [--hash-style=gnu] ==> ignore
    arg [-export-dynamic] ==> ignore
    arg [-dynamic-linker] ==> ignore
    arg [/lib/ld-linux-aarch64.so.1] ==> ignore
    arg [-X] ==> ignore
    arg [-EL] ==> ignore
    arg [-maarch64linux] ==> ignore
    arg [-pie] ==> ignore
    arg [-o] ==> ignore
    arg [cmTC_56a83] ==> ignore
    arg [/home/hhy/sdk/arm_sdk_1.5/toolchain/sysroots/cortexa53-crypto-poky-linux/usr/lib/Scrt1.o] ==> ignore
    arg [/home/hhy/sdk/arm_sdk_1.5/toolchain/sysroots/cortexa53-crypto-poky-linux/usr/lib/crti.o] ==> ignore
    arg [/home/hhy/sdk/arm_sdk_1.5/toolchain/sysroots/cortexa53-crypto-poky-linux/usr/lib/aarch64-poky-linux/10.2.0/crtbeginS.o] ==> ignore
    arg [-L/home/hhy/sdk/arm_sdk_1.5/toolchain/sysroots/x86_64-pokysdk-linux/usr/lib/aarch64-poky-linux/gcc/aarch64-poky-linux/10.2.0] ==> dir [/home/hhy/sdk/arm_sdk_1.5/toolchain/sysroots/x86_64-pokysdk-linux/usr/lib/aarch64-poky-linux/gcc/aarch64-poky-linux/10.2.0]
    arg [-L/home/hhy/sdk/arm_sdk_1.5/toolchain/sysroots/cortexa53-crypto-poky-linux/lib] ==> dir [/home/hhy/sdk/arm_sdk_1.5/toolchain/sysroots/cortexa53-crypto-poky-linux/lib]
    arg [-L/home/hhy/sdk/arm_sdk_1.5/toolchain/sysroots/cortexa53-crypto-poky-linux/usr/lib/aarch64-poky-linux/10.2.0] ==> dir [/home/hhy/sdk/arm_sdk_1.5/toolchain/sysroots/cortexa53-crypto-poky-linux/usr/lib/aarch64-poky-linux/10.2.0]
    arg [-L/home/hhy/sdk/arm_sdk_1.5/toolchain/sysroots/cortexa53-crypto-poky-linux/usr/lib] ==> dir [/home/hhy/sdk/arm_sdk_1.5/toolchain/sysroots/cortexa53-crypto-poky-linux/usr/lib]
    arg [-O1] ==> ignore
    arg [--hash-style=gnu] ==> ignore
    arg [--as-needed] ==> ignore
    arg [-zrelro] ==> ignore
    arg [-znow] ==> ignore
    arg [CMakeFiles/cmTC_56a83.dir/CMakeCXXCompilerABI.cpp.o] ==> ignore
    arg [-lstdc++] ==> lib [stdc++]
    arg [-lm] ==> lib [m]
    arg [-lgcc_s] ==> lib [gcc_s]
    arg [-lgcc] ==> lib [gcc]
    arg [-lc] ==> lib [c]
    arg [-lgcc_s] ==> lib [gcc_s]
    arg [-lgcc] ==> lib [gcc]
    arg [/home/hhy/sdk/arm_sdk_1.5/toolchain/sysroots/cortexa53-crypto-poky-linux/usr/lib/aarch64-poky-linux/10.2.0/crtendS.o] ==> ignore
    arg [/home/hhy/sdk/arm_sdk_1.5/toolchain/sysroots/cortexa53-crypto-poky-linux/usr/lib/crtn.o] ==> ignore
  collapse library dir [/home/hhy/sdk/arm_sdk_1.5/toolchain/sysroots/x86_64-pokysdk-linux/usr/lib/aarch64-poky-linux/gcc/aarch64-poky-linux/10.2.0] ==> [/home/hhy/sdk/arm_sdk_1.5/toolchain/sysroots/x86_64-pokysdk-linux/usr/lib/aarch64-poky-linux/gcc/aarch64-poky-linux/10.2.0]
  collapse library dir [/home/hhy/sdk/arm_sdk_1.5/toolchain/sysroots/cortexa53-crypto-poky-linux/lib] ==> [/home/hhy/sdk/arm_sdk_1.5/toolchain/sysroots/cortexa53-crypto-poky-linux/lib]
  collapse library dir [/home/hhy/sdk/arm_sdk_1.5/toolchain/sysroots/cortexa53-crypto-poky-linux/usr/lib/aarch64-poky-linux/10.2.0] ==> [/home/hhy/sdk/arm_sdk_1.5/toolchain/sysroots/cortexa53-crypto-poky-linux/usr/lib/aarch64-poky-linux/10.2.0]
  collapse library dir [/home/hhy/sdk/arm_sdk_1.5/toolchain/sysroots/cortexa53-crypto-poky-linux/usr/lib] ==> [/home/hhy/sdk/arm_sdk_1.5/toolchain/sysroots/cortexa53-crypto-poky-linux/usr/lib]
  implicit libs: [stdc++;m;gcc_s;gcc;c;gcc_s;gcc]
  implicit dirs: [/home/hhy/sdk/arm_sdk_1.5/toolchain/sysroots/x86_64-pokysdk-linux/usr/lib/aarch64-poky-linux/gcc/aarch64-poky-linux/10.2.0;/home/hhy/sdk/arm_sdk_1.5/toolchain/sysroots/cortexa53-crypto-poky-linux/lib;/home/hhy/sdk/arm_sdk_1.5/toolchain/sysroots/cortexa53-crypto-poky-linux/usr/lib/aarch64-poky-linux/10.2.0;/home/hhy/sdk/arm_sdk_1.5/toolchain/sysroots/cortexa53-crypto-poky-linux/usr/lib]
  implicit fwks: []


Determining if the include file pthread.h exists passed with the following output:
Change Dir: /mnt/d/work/git/SDM/code/build/CMakeFiles/CMakeTmp

Run Build Command(s):/home/hhy/sdk/arm_sdk_1.5/toolchain/sysroots/x86_64-pokysdk-linux/usr/bin/make cmTC_87ca3/fast && /home/hhy/sdk/arm_sdk_1.5/toolchain/sysroots/x86_64-pokysdk-linux/usr/bin/make  -f CMakeFiles/cmTC_87ca3.dir/build.make CMakeFiles/cmTC_87ca3.dir/build
make[1]: Entering directory '/mnt/d/work/git/SDM/code/build/CMakeFiles/CMakeTmp'
Building C object CMakeFiles/cmTC_87ca3.dir/CheckIncludeFile.c.o
/home/hhy/sdk/arm_sdk_1.5/toolchain/sysroots/x86_64-pokysdk-linux/usr/bin/aarch64-poky-linux/aarch64-poky-linux-gcc --sysroot=/home/hhy/sdk/arm_sdk_1.5/toolchain/sysroots/cortexa53-crypto-poky-linux   -O2 -g3   -o CMakeFiles/cmTC_87ca3.dir/CheckIncludeFile.c.o -c /mnt/d/work/git/SDM/code/build/CMakeFiles/CMakeTmp/CheckIncludeFile.c
Linking C executable cmTC_87ca3
/home/hhy/sdk/arm_sdk_1.5/toolchain/sysroots/x86_64-pokysdk-linux/usr/bin/cmake -E cmake_link_script CMakeFiles/cmTC_87ca3.dir/link.txt --verbose=1
/home/hhy/sdk/arm_sdk_1.5/toolchain/sysroots/x86_64-pokysdk-linux/usr/bin/aarch64-poky-linux/aarch64-poky-linux-gcc --sysroot=/home/hhy/sdk/arm_sdk_1.5/toolchain/sysroots/cortexa53-crypto-poky-linux -O2 -g3   -Wl,-O1 -Wl,--hash-style=gnu -Wl,--as-needed -Wl,-z,relro,-z,now  -rdynamic CMakeFiles/cmTC_87ca3.dir/CheckIncludeFile.c.o -o cmTC_87ca3 
make[1]: Leaving directory '/mnt/d/work/git/SDM/code/build/CMakeFiles/CMakeTmp'



Determining if the function pthread_create exists in the pthread passed with the following output:
Change Dir: /mnt/d/work/git/SDM/code/build/CMakeFiles/CMakeTmp

Run Build Command(s):/home/hhy/sdk/arm_sdk_1.5/toolchain/sysroots/x86_64-pokysdk-linux/usr/bin/make cmTC_0c25c/fast && /home/hhy/sdk/arm_sdk_1.5/toolchain/sysroots/x86_64-pokysdk-linux/usr/bin/make  -f CMakeFiles/cmTC_0c25c.dir/build.make CMakeFiles/cmTC_0c25c.dir/build
make[1]: Entering directory '/mnt/d/work/git/SDM/code/build/CMakeFiles/CMakeTmp'
Building C object CMakeFiles/cmTC_0c25c.dir/CheckFunctionExists.c.o
/home/hhy/sdk/arm_sdk_1.5/toolchain/sysroots/x86_64-pokysdk-linux/usr/bin/aarch64-poky-linux/aarch64-poky-linux-gcc --sysroot=/home/hhy/sdk/arm_sdk_1.5/toolchain/sysroots/cortexa53-crypto-poky-linux   -O2 -g3  -DCHECK_FUNCTION_EXISTS=pthread_create -o CMakeFiles/cmTC_0c25c.dir/CheckFunctionExists.c.o -c /home/hhy/sdk/arm_sdk_1.5/toolchain/sysroots/x86_64-pokysdk-linux/usr/share/cmake-3.18/Modules/CheckFunctionExists.c
Linking C executable cmTC_0c25c
/home/hhy/sdk/arm_sdk_1.5/toolchain/sysroots/x86_64-pokysdk-linux/usr/bin/cmake -E cmake_link_script CMakeFiles/cmTC_0c25c.dir/link.txt --verbose=1
/home/hhy/sdk/arm_sdk_1.5/toolchain/sysroots/x86_64-pokysdk-linux/usr/bin/aarch64-poky-linux/aarch64-poky-linux-gcc --sysroot=/home/hhy/sdk/arm_sdk_1.5/toolchain/sysroots/cortexa53-crypto-poky-linux -O2 -g3  -DCHECK_FUNCTION_EXISTS=pthread_create -Wl,-O1 -Wl,--hash-style=gnu -Wl,--as-needed -Wl,-z,relro,-z,now  -rdynamic CMakeFiles/cmTC_0c25c.dir/CheckFunctionExists.c.o -o cmTC_0c25c  -lpthread 
make[1]: Leaving directory '/mnt/d/work/git/SDM/code/build/CMakeFiles/CMakeTmp'



